The system is: Linux - 5.0.0-31-generic - x86_64
Compiling the C compiler identification source file "CMakeCCompilerId.c" succeeded.
Compiler: /usr/bin/cc 
Build flags: ;-Wno-implicit-fallthrough;-pipe;-Wall;-W;-pthread;-fPIC;-Werror=date-time;-w;-ffunction-sections;-fdata-sections
Id flags:  

The output was:
0


Compilation of the C compiler identification source "CMakeCCompilerId.c" produced "a.out"

The C compiler identification is GNU, found in "/home/default/Repos/root/build/interpreter/llvm/src/tools/cling/tools/plugins/clad/clad-prefix/src/clad-build/CMakeFiles/3.10.2/CompilerIdC/a.out"

Compiling the CXX compiler identification source file "CMakeCXXCompilerId.cpp" succeeded.
Compiler: /usr/bin/c++ 
Build flags: ;-std=c++11;-Wno-implicit-fallthrough;-Wno-noexcept-type;-pipe;;-Wshadow;-Wall;-W;-Woverloaded-virtual;-fsigned-char;-pthread;;-fPIC;-fvisibility-inlines-hidden;-Werror=date-time;-std=c++11;-w;-ffunction-sections;-fdata-sections;-fno-common;-Woverloaded-virtual;-fno-strict-aliasing;-Wno-nested-anon-types;-Wno-covered-switch-default;-Wno-unused-local-typedef;-fno-rtti
Id flags:  

The output was:
0


Compilation of the CXX compiler identification source "CMakeCXXCompilerId.cpp" produced "a.out"

The CXX compiler identification is GNU, found in "/home/default/Repos/root/build/interpreter/llvm/src/tools/cling/tools/plugins/clad/clad-prefix/src/clad-build/CMakeFiles/3.10.2/CompilerIdCXX/a.out"

Determining if the C compiler works passed with the following output:
Change Dir: /home/default/Repos/root/build/interpreter/llvm/src/tools/cling/tools/plugins/clad/clad-prefix/src/clad-build/CMakeFiles/CMakeTmp

Run Build Command:"/usr/bin/make" "cmTC_18bb8/fast"
make[3]: Entering directory '/home/default/Repos/root/build/interpreter/llvm/src/tools/cling/tools/plugins/clad/clad-prefix/src/clad-build/CMakeFiles/CMakeTmp'
/usr/bin/make -f CMakeFiles/cmTC_18bb8.dir/build.make CMakeFiles/cmTC_18bb8.dir/build
make[4]: Entering directory '/home/default/Repos/root/build/interpreter/llvm/src/tools/cling/tools/plugins/clad/clad-prefix/src/clad-build/CMakeFiles/CMakeTmp'
Building C object CMakeFiles/cmTC_18bb8.dir/testCCompiler.c.o
/usr/bin/cc   -Wno-implicit-fallthrough -pipe -Wall -W -pthread -fPIC -Werror=date-time -w -ffunction-sections -fdata-sections    -o CMakeFiles/cmTC_18bb8.dir/testCCompiler.c.o   -c /home/default/Repos/root/build/interpreter/llvm/src/tools/cling/tools/plugins/clad/clad-prefix/src/clad-build/CMakeFiles/CMakeTmp/testCCompiler.c
Linking C executable cmTC_18bb8
/usr/bin/cmake -E cmake_link_script CMakeFiles/cmTC_18bb8.dir/link.txt --verbose=1
/usr/bin/cc  -Wno-implicit-fallthrough -pipe -Wall -W -pthread -fPIC -Werror=date-time -w -ffunction-sections -fdata-sections     -rdynamic CMakeFiles/cmTC_18bb8.dir/testCCompiler.c.o  -o cmTC_18bb8 
make[4]: Leaving directory '/home/default/Repos/root/build/interpreter/llvm/src/tools/cling/tools/plugins/clad/clad-prefix/src/clad-build/CMakeFiles/CMakeTmp'
make[3]: Leaving directory '/home/default/Repos/root/build/interpreter/llvm/src/tools/cling/tools/plugins/clad/clad-prefix/src/clad-build/CMakeFiles/CMakeTmp'


Detecting C compiler ABI info compiled with the following output:
Change Dir: /home/default/Repos/root/build/interpreter/llvm/src/tools/cling/tools/plugins/clad/clad-prefix/src/clad-build/CMakeFiles/CMakeTmp

Run Build Command:"/usr/bin/make" "cmTC_84f11/fast"
make[3]: Entering directory '/home/default/Repos/root/build/interpreter/llvm/src/tools/cling/tools/plugins/clad/clad-prefix/src/clad-build/CMakeFiles/CMakeTmp'
/usr/bin/make -f CMakeFiles/cmTC_84f11.dir/build.make CMakeFiles/cmTC_84f11.dir/build
make[4]: Entering directory '/home/default/Repos/root/build/interpreter/llvm/src/tools/cling/tools/plugins/clad/clad-prefix/src/clad-build/CMakeFiles/CMakeTmp'
Building C object CMakeFiles/cmTC_84f11.dir/CMakeCCompilerABI.c.o
/usr/bin/cc   -Wno-implicit-fallthrough -pipe -Wall -W -pthread -fPIC -Werror=date-time -w -ffunction-sections -fdata-sections    -o CMakeFiles/cmTC_84f11.dir/CMakeCCompilerABI.c.o   -c /usr/share/cmake-3.10/Modules/CMakeCCompilerABI.c
Linking C executable cmTC_84f11
/usr/bin/cmake -E cmake_link_script CMakeFiles/cmTC_84f11.dir/link.txt --verbose=1
/usr/bin/cc  -Wno-implicit-fallthrough -pipe -Wall -W -pthread -fPIC -Werror=date-time -w -ffunction-sections -fdata-sections    -v -rdynamic CMakeFiles/cmTC_84f11.dir/CMakeCCompilerABI.c.o  -o cmTC_84f11 
Using built-in specs.
COLLECT_GCC=/usr/bin/cc
COLLECT_LTO_WRAPPER=/usr/lib/gcc/x86_64-linux-gnu/7/lto-wrapper
OFFLOAD_TARGET_NAMES=nvptx-none
OFFLOAD_TARGET_DEFAULT=1
Target: x86_64-linux-gnu
Configured with: ../src/configure -v --with-pkgversion='Ubuntu 7.4.0-1ubuntu1~18.04.1' --with-bugurl=file:///usr/share/doc/gcc-7/README.Bugs --enable-languages=c,ada,c++,go,brig,d,fortran,objc,obj-c++ --prefix=/usr --with-gcc-major-version-only --program-suffix=-7 --program-prefix=x86_64-linux-gnu- --enable-shared --enable-linker-build-id --libexecdir=/usr/lib --without-included-gettext --enable-threads=posix --libdir=/usr/lib --enable-nls --with-sysroot=/ --enable-clocale=gnu --enable-libstdcxx-debug --enable-libstdcxx-time=yes --with-default-libstdcxx-abi=new --enable-gnu-unique-object --disable-vtable-verify --enable-libmpx --enable-plugin --enable-default-pie --with-system-zlib --with-target-system-zlib --enable-objc-gc=auto --enable-multiarch --disable-werror --with-arch-32=i686 --with-abi=m64 --with-multilib-list=m32,m64,mx32 --enable-multilib --with-tune=generic --enable-offload-targets=nvptx-none --without-cuda-driver --enable-checking=release --build=x86_64-linux-gnu --host=x86_64-linux-gnu --target=x86_64-linux-gnu
Thread model: posix
gcc version 7.4.0 (Ubuntu 7.4.0-1ubuntu1~18.04.1) 
COMPILER_PATH=/usr/lib/gcc/x86_64-linux-gnu/7/:/usr/lib/gcc/x86_64-linux-gnu/7/:/usr/lib/gcc/x86_64-linux-gnu/:/usr/lib/gcc/x86_64-linux-gnu/7/:/usr/lib/gcc/x86_64-linux-gnu/
LIBRARY_PATH=/usr/lib/gcc/x86_64-linux-gnu/7/:/usr/lib/gcc/x86_64-linux-gnu/7/../../../x86_64-linux-gnu/:/usr/lib/gcc/x86_64-linux-gnu/7/../../../../lib/:/lib/x86_64-linux-gnu/:/lib/../lib/:/usr/lib/x86_64-linux-gnu/:/usr/lib/../lib/:/usr/lib/gcc/x86_64-linux-gnu/7/../../../:/lib/:/usr/lib/
COLLECT_GCC_OPTIONS='-Wimplicit-fallthrough=0' '-pipe' '-Wall' '-Wextra' '-pthread' '-fPIC' '-Werror=date-time' '-w' '-ffunction-sections' '-fdata-sections' '-v' '-rdynamic' '-o' 'cmTC_84f11' '-mtune=generic' '-march=x86-64'
 /usr/lib/gcc/x86_64-linux-gnu/7/collect2 -plugin /usr/lib/gcc/x86_64-linux-gnu/7/liblto_plugin.so -plugin-opt=/usr/lib/gcc/x86_64-linux-gnu/7/lto-wrapper -plugin-opt=-fresolution=/tmp/ccw5cMnW.res -plugin-opt=-pass-through=-lgcc -plugin-opt=-pass-through=-lgcc_s -plugin-opt=-pass-through=-lpthread -plugin-opt=-pass-through=-lc -plugin-opt=-pass-through=-lgcc -plugin-opt=-pass-through=-lgcc_s --sysroot=/ --build-id --eh-frame-hdr -m elf_x86_64 --hash-style=gnu --as-needed -export-dynamic -dynamic-linker /lib64/ld-linux-x86-64.so.2 -pie -z now -z relro -o cmTC_84f11 /usr/lib/gcc/x86_64-linux-gnu/7/../../../x86_64-linux-gnu/Scrt1.o /usr/lib/gcc/x86_64-linux-gnu/7/../../../x86_64-linux-gnu/crti.o /usr/lib/gcc/x86_64-linux-gnu/7/crtbeginS.o -L/usr/lib/gcc/x86_64-linux-gnu/7 -L/usr/lib/gcc/x86_64-linux-gnu/7/../../../x86_64-linux-gnu -L/usr/lib/gcc/x86_64-linux-gnu/7/../../../../lib -L/lib/x86_64-linux-gnu -L/lib/../lib -L/usr/lib/x86_64-linux-gnu -L/usr/lib/../lib -L/usr/lib/gcc/x86_64-linux-gnu/7/../../.. CMakeFiles/cmTC_84f11.dir/CMakeCCompilerABI.c.o -lgcc --push-state --as-needed -lgcc_s --pop-state -lpthread -lc -lgcc --push-state --as-needed -lgcc_s --pop-state /usr/lib/gcc/x86_64-linux-gnu/7/crtendS.o /usr/lib/gcc/x86_64-linux-gnu/7/../../../x86_64-linux-gnu/crtn.o
COLLECT_GCC_OPTIONS='-Wimplicit-fallthrough=0' '-pipe' '-Wall' '-Wextra' '-pthread' '-fPIC' '-Werror=date-time' '-w' '-ffunction-sections' '-fdata-sections' '-v' '-rdynamic' '-o' 'cmTC_84f11' '-mtune=generic' '-march=x86-64'
make[4]: Leaving directory '/home/default/Repos/root/build/interpreter/llvm/src/tools/cling/tools/plugins/clad/clad-prefix/src/clad-build/CMakeFiles/CMakeTmp'
make[3]: Leaving directory '/home/default/Repos/root/build/interpreter/llvm/src/tools/cling/tools/plugins/clad/clad-prefix/src/clad-build/CMakeFiles/CMakeTmp'


Parsed C implicit link information from above output:
  link line regex: [^( *|.*[/\])(ld|CMAKE_LINK_STARTFILE-NOTFOUND|([^/\]+-)?ld|collect2)[^/\]*( |$)]
  ignore line: [Change Dir: /home/default/Repos/root/build/interpreter/llvm/src/tools/cling/tools/plugins/clad/clad-prefix/src/clad-build/CMakeFiles/CMakeTmp]
  ignore line: []
  ignore line: [Run Build Command:"/usr/bin/make" "cmTC_84f11/fast"]
  ignore line: [make[3]: Entering directory '/home/default/Repos/root/build/interpreter/llvm/src/tools/cling/tools/plugins/clad/clad-prefix/src/clad-build/CMakeFiles/CMakeTmp']
  ignore line: [/usr/bin/make -f CMakeFiles/cmTC_84f11.dir/build.make CMakeFiles/cmTC_84f11.dir/build]
  ignore line: [make[4]: Entering directory '/home/default/Repos/root/build/interpreter/llvm/src/tools/cling/tools/plugins/clad/clad-prefix/src/clad-build/CMakeFiles/CMakeTmp']
  ignore line: [Building C object CMakeFiles/cmTC_84f11.dir/CMakeCCompilerABI.c.o]
  ignore line: [/usr/bin/cc   -Wno-implicit-fallthrough -pipe -Wall -W -pthread -fPIC -Werror=date-time -w -ffunction-sections -fdata-sections    -o CMakeFiles/cmTC_84f11.dir/CMakeCCompilerABI.c.o   -c /usr/share/cmake-3.10/Modules/CMakeCCompilerABI.c]
  ignore line: [Linking C executable cmTC_84f11]
  ignore line: [/usr/bin/cmake -E cmake_link_script CMakeFiles/cmTC_84f11.dir/link.txt --verbose=1]
  ignore line: [/usr/bin/cc  -Wno-implicit-fallthrough -pipe -Wall -W -pthread -fPIC -Werror=date-time -w -ffunction-sections -fdata-sections    -v -rdynamic CMakeFiles/cmTC_84f11.dir/CMakeCCompilerABI.c.o  -o cmTC_84f11 ]
  ignore line: [Using built-in specs.]
  ignore line: [COLLECT_GCC=/usr/bin/cc]
  ignore line: [COLLECT_LTO_WRAPPER=/usr/lib/gcc/x86_64-linux-gnu/7/lto-wrapper]
  ignore line: [OFFLOAD_TARGET_NAMES=nvptx-none]
  ignore line: [OFFLOAD_TARGET_DEFAULT=1]
  ignore line: [Target: x86_64-linux-gnu]
  ignore line: [Configured with: ../src/configure -v --with-pkgversion='Ubuntu 7.4.0-1ubuntu1~18.04.1' --with-bugurl=file:///usr/share/doc/gcc-7/README.Bugs --enable-languages=c,ada,c++,go,brig,d,fortran,objc,obj-c++ --prefix=/usr --with-gcc-major-version-only --program-suffix=-7 --program-prefix=x86_64-linux-gnu- --enable-shared --enable-linker-build-id --libexecdir=/usr/lib --without-included-gettext --enable-threads=posix --libdir=/usr/lib --enable-nls --with-sysroot=/ --enable-clocale=gnu --enable-libstdcxx-debug --enable-libstdcxx-time=yes --with-default-libstdcxx-abi=new --enable-gnu-unique-object --disable-vtable-verify --enable-libmpx --enable-plugin --enable-default-pie --with-system-zlib --with-target-system-zlib --enable-objc-gc=auto --enable-multiarch --disable-werror --with-arch-32=i686 --with-abi=m64 --with-multilib-list=m32,m64,mx32 --enable-multilib --with-tune=generic --enable-offload-targets=nvptx-none --without-cuda-driver --enable-checking=release --build=x86_64-linux-gnu --host=x86_64-linux-gnu --target=x86_64-linux-gnu]
  ignore line: [Thread model: posix]
  ignore line: [gcc version 7.4.0 (Ubuntu 7.4.0-1ubuntu1~18.04.1) ]
  ignore line: [COMPILER_PATH=/usr/lib/gcc/x86_64-linux-gnu/7/:/usr/lib/gcc/x86_64-linux-gnu/7/:/usr/lib/gcc/x86_64-linux-gnu/:/usr/lib/gcc/x86_64-linux-gnu/7/:/usr/lib/gcc/x86_64-linux-gnu/]
  ignore line: [LIBRARY_PATH=/usr/lib/gcc/x86_64-linux-gnu/7/:/usr/lib/gcc/x86_64-linux-gnu/7/../../../x86_64-linux-gnu/:/usr/lib/gcc/x86_64-linux-gnu/7/../../../../lib/:/lib/x86_64-linux-gnu/:/lib/../lib/:/usr/lib/x86_64-linux-gnu/:/usr/lib/../lib/:/usr/lib/gcc/x86_64-linux-gnu/7/../../../:/lib/:/usr/lib/]
  ignore line: [COLLECT_GCC_OPTIONS='-Wimplicit-fallthrough=0' '-pipe' '-Wall' '-Wextra' '-pthread' '-fPIC' '-Werror=date-time' '-w' '-ffunction-sections' '-fdata-sections' '-v' '-rdynamic' '-o' 'cmTC_84f11' '-mtune=generic' '-march=x86-64']
  link line: [ /usr/lib/gcc/x86_64-linux-gnu/7/collect2 -plugin /usr/lib/gcc/x86_64-linux-gnu/7/liblto_plugin.so -plugin-opt=/usr/lib/gcc/x86_64-linux-gnu/7/lto-wrapper -plugin-opt=-fresolution=/tmp/ccw5cMnW.res -plugin-opt=-pass-through=-lgcc -plugin-opt=-pass-through=-lgcc_s -plugin-opt=-pass-through=-lpthread -plugin-opt=-pass-through=-lc -plugin-opt=-pass-through=-lgcc -plugin-opt=-pass-through=-lgcc_s --sysroot=/ --build-id --eh-frame-hdr -m elf_x86_64 --hash-style=gnu --as-needed -export-dynamic -dynamic-linker /lib64/ld-linux-x86-64.so.2 -pie -z now -z relro -o cmTC_84f11 /usr/lib/gcc/x86_64-linux-gnu/7/../../../x86_64-linux-gnu/Scrt1.o /usr/lib/gcc/x86_64-linux-gnu/7/../../../x86_64-linux-gnu/crti.o /usr/lib/gcc/x86_64-linux-gnu/7/crtbeginS.o -L/usr/lib/gcc/x86_64-linux-gnu/7 -L/usr/lib/gcc/x86_64-linux-gnu/7/../../../x86_64-linux-gnu -L/usr/lib/gcc/x86_64-linux-gnu/7/../../../../lib -L/lib/x86_64-linux-gnu -L/lib/../lib -L/usr/lib/x86_64-linux-gnu -L/usr/lib/../lib -L/usr/lib/gcc/x86_64-linux-gnu/7/../../.. CMakeFiles/cmTC_84f11.dir/CMakeCCompilerABI.c.o -lgcc --push-state --as-needed -lgcc_s --pop-state -lpthread -lc -lgcc --push-state --as-needed -lgcc_s --pop-state /usr/lib/gcc/x86_64-linux-gnu/7/crtendS.o /usr/lib/gcc/x86_64-linux-gnu/7/../../../x86_64-linux-gnu/crtn.o]
    arg [/usr/lib/gcc/x86_64-linux-gnu/7/collect2] ==> ignore
    arg [-plugin] ==> ignore
    arg [/usr/lib/gcc/x86_64-linux-gnu/7/liblto_plugin.so] ==> ignore
    arg [-plugin-opt=/usr/lib/gcc/x86_64-linux-gnu/7/lto-wrapper] ==> ignore
    arg [-plugin-opt=-fresolution=/tmp/ccw5cMnW.res] ==> ignore
    arg [-plugin-opt=-pass-through=-lgcc] ==> ignore
    arg [-plugin-opt=-pass-through=-lgcc_s] ==> ignore
    arg [-plugin-opt=-pass-through=-lpthread] ==> ignore
    arg [-plugin-opt=-pass-through=-lc] ==> ignore
    arg [-plugin-opt=-pass-through=-lgcc] ==> ignore
    arg [-plugin-opt=-pass-through=-lgcc_s] ==> ignore
    arg [--sysroot=/] ==> ignore
    arg [--build-id] ==> ignore
    arg [--eh-frame-hdr] ==> ignore
    arg [-m] ==> ignore
    arg [elf_x86_64] ==> ignore
    arg [--hash-style=gnu] ==> ignore
    arg [--as-needed] ==> ignore
    arg [-export-dynamic] ==> ignore
    arg [-dynamic-linker] ==> ignore
    arg [/lib64/ld-linux-x86-64.so.2] ==> ignore
    arg [-pie] ==> ignore
    arg [-znow] ==> ignore
    arg [-zrelro] ==> ignore
    arg [-o] ==> ignore
    arg [cmTC_84f11] ==> ignore
    arg [/usr/lib/gcc/x86_64-linux-gnu/7/../../../x86_64-linux-gnu/Scrt1.o] ==> ignore
    arg [/usr/lib/gcc/x86_64-linux-gnu/7/../../../x86_64-linux-gnu/crti.o] ==> ignore
    arg [/usr/lib/gcc/x86_64-linux-gnu/7/crtbeginS.o] ==> ignore
    arg [-L/usr/lib/gcc/x86_64-linux-gnu/7] ==> dir [/usr/lib/gcc/x86_64-linux-gnu/7]
    arg [-L/usr/lib/gcc/x86_64-linux-gnu/7/../../../x86_64-linux-gnu] ==> dir [/usr/lib/gcc/x86_64-linux-gnu/7/../../../x86_64-linux-gnu]
    arg [-L/usr/lib/gcc/x86_64-linux-gnu/7/../../../../lib] ==> dir [/usr/lib/gcc/x86_64-linux-gnu/7/../../../../lib]
    arg [-L/lib/x86_64-linux-gnu] ==> dir [/lib/x86_64-linux-gnu]
    arg [-L/lib/../lib] ==> dir [/lib/../lib]
    arg [-L/usr/lib/x86_64-linux-gnu] ==> dir [/usr/lib/x86_64-linux-gnu]
    arg [-L/usr/lib/../lib] ==> dir [/usr/lib/../lib]
    arg [-L/usr/lib/gcc/x86_64-linux-gnu/7/../../..] ==> dir [/usr/lib/gcc/x86_64-linux-gnu/7/../../..]
    arg [CMakeFiles/cmTC_84f11.dir/CMakeCCompilerABI.c.o] ==> ignore
    arg [-lgcc] ==> lib [gcc]
    arg [--push-state] ==> ignore
    arg [--as-needed] ==> ignore
    arg [-lgcc_s] ==> lib [gcc_s]
    arg [--pop-state] ==> ignore
    arg [-lpthread] ==> lib [pthread]
    arg [-lc] ==> lib [c]
    arg [-lgcc] ==> lib [gcc]
    arg [--push-state] ==> ignore
    arg [--as-needed] ==> ignore
    arg [-lgcc_s] ==> lib [gcc_s]
    arg [--pop-state] ==> ignore
    arg [/usr/lib/gcc/x86_64-linux-gnu/7/crtendS.o] ==> ignore
    arg [/usr/lib/gcc/x86_64-linux-gnu/7/../../../x86_64-linux-gnu/crtn.o] ==> ignore
  collapse library dir [/usr/lib/gcc/x86_64-linux-gnu/7] ==> [/usr/lib/gcc/x86_64-linux-gnu/7]
  collapse library dir [/usr/lib/gcc/x86_64-linux-gnu/7/../../../x86_64-linux-gnu] ==> [/usr/lib/x86_64-linux-gnu]
  collapse library dir [/usr/lib/gcc/x86_64-linux-gnu/7/../../../../lib] ==> [/usr/lib]
  collapse library dir [/lib/x86_64-linux-gnu] ==> [/lib/x86_64-linux-gnu]
  collapse library dir [/lib/../lib] ==> [/lib]
  collapse library dir [/usr/lib/x86_64-linux-gnu] ==> [/usr/lib/x86_64-linux-gnu]
  collapse library dir [/usr/lib/../lib] ==> [/usr/lib]
  collapse library dir [/usr/lib/gcc/x86_64-linux-gnu/7/../../..] ==> [/usr/lib]
  implicit libs: [gcc;gcc_s;pthread;c;gcc;gcc_s]
  implicit dirs: [/usr/lib/gcc/x86_64-linux-gnu/7;/usr/lib/x86_64-linux-gnu;/usr/lib;/lib/x86_64-linux-gnu;/lib]
  implicit fwks: []




Detecting C [-std=c11] compiler features compiled with the following output:
Change Dir: /home/default/Repos/root/build/interpreter/llvm/src/tools/cling/tools/plugins/clad/clad-prefix/src/clad-build/CMakeFiles/CMakeTmp

Run Build Command:"/usr/bin/make" "cmTC_d5ec4/fast"
make[3]: Entering directory '/home/default/Repos/root/build/interpreter/llvm/src/tools/cling/tools/plugins/clad/clad-prefix/src/clad-build/CMakeFiles/CMakeTmp'
/usr/bin/make -f CMakeFiles/cmTC_d5ec4.dir/build.make CMakeFiles/cmTC_d5ec4.dir/build
make[4]: Entering directory '/home/default/Repos/root/build/interpreter/llvm/src/tools/cling/tools/plugins/clad/clad-prefix/src/clad-build/CMakeFiles/CMakeTmp'
Building C object CMakeFiles/cmTC_d5ec4.dir/feature_tests.c.o
/usr/bin/cc   -Wno-implicit-fallthrough -pipe -Wall -W -pthread -fPIC -Werror=date-time -w -ffunction-sections -fdata-sections    -std=c11 -o CMakeFiles/cmTC_d5ec4.dir/feature_tests.c.o   -c /home/default/Repos/root/build/interpreter/llvm/src/tools/cling/tools/plugins/clad/clad-prefix/src/clad-build/CMakeFiles/feature_tests.c
Linking C executable cmTC_d5ec4
/usr/bin/cmake -E cmake_link_script CMakeFiles/cmTC_d5ec4.dir/link.txt --verbose=1
/usr/bin/cc  -Wno-implicit-fallthrough -pipe -Wall -W -pthread -fPIC -Werror=date-time -w -ffunction-sections -fdata-sections     -rdynamic CMakeFiles/cmTC_d5ec4.dir/feature_tests.c.o  -o cmTC_d5ec4 
make[4]: Leaving directory '/home/default/Repos/root/build/interpreter/llvm/src/tools/cling/tools/plugins/clad/clad-prefix/src/clad-build/CMakeFiles/CMakeTmp'
make[3]: Leaving directory '/home/default/Repos/root/build/interpreter/llvm/src/tools/cling/tools/plugins/clad/clad-prefix/src/clad-build/CMakeFiles/CMakeTmp'


    Feature record: C_FEATURE:1c_function_prototypes
    Feature record: C_FEATURE:1c_restrict
    Feature record: C_FEATURE:1c_static_assert
    Feature record: C_FEATURE:1c_variadic_macros


Detecting C [-std=c99] compiler features compiled with the following output:
Change Dir: /home/default/Repos/root/build/interpreter/llvm/src/tools/cling/tools/plugins/clad/clad-prefix/src/clad-build/CMakeFiles/CMakeTmp

Run Build Command:"/usr/bin/make" "cmTC_c2726/fast"
make[3]: Entering directory '/home/default/Repos/root/build/interpreter/llvm/src/tools/cling/tools/plugins/clad/clad-prefix/src/clad-build/CMakeFiles/CMakeTmp'
/usr/bin/make -f CMakeFiles/cmTC_c2726.dir/build.make CMakeFiles/cmTC_c2726.dir/build
make[4]: Entering directory '/home/default/Repos/root/build/interpreter/llvm/src/tools/cling/tools/plugins/clad/clad-prefix/src/clad-build/CMakeFiles/CMakeTmp'
Building C object CMakeFiles/cmTC_c2726.dir/feature_tests.c.o
/usr/bin/cc   -Wno-implicit-fallthrough -pipe -Wall -W -pthread -fPIC -Werror=date-time -w -ffunction-sections -fdata-sections    -std=c99 -o CMakeFiles/cmTC_c2726.dir/feature_tests.c.o   -c /home/default/Repos/root/build/interpreter/llvm/src/tools/cling/tools/plugins/clad/clad-prefix/src/clad-build/CMakeFiles/feature_tests.c
Linking C executable cmTC_c2726
/usr/bin/cmake -E cmake_link_script CMakeFiles/cmTC_c2726.dir/link.txt --verbose=1
/usr/bin/cc  -Wno-implicit-fallthrough -pipe -Wall -W -pthread -fPIC -Werror=date-time -w -ffunction-sections -fdata-sections     -rdynamic CMakeFiles/cmTC_c2726.dir/feature_tests.c.o  -o cmTC_c2726 
make[4]: Leaving directory '/home/default/Repos/root/build/interpreter/llvm/src/tools/cling/tools/plugins/clad/clad-prefix/src/clad-build/CMakeFiles/CMakeTmp'
make[3]: Leaving directory '/home/default/Repos/root/build/interpreter/llvm/src/tools/cling/tools/plugins/clad/clad-prefix/src/clad-build/CMakeFiles/CMakeTmp'


    Feature record: C_FEATURE:1c_function_prototypes
    Feature record: C_FEATURE:1c_restrict
    Feature record: C_FEATURE:0c_static_assert
    Feature record: C_FEATURE:1c_variadic_macros


Detecting C [-std=c90] compiler features compiled with the following output:
Change Dir: /home/default/Repos/root/build/interpreter/llvm/src/tools/cling/tools/plugins/clad/clad-prefix/src/clad-build/CMakeFiles/CMakeTmp

Run Build Command:"/usr/bin/make" "cmTC_6fb1e/fast"
make[3]: Entering directory '/home/default/Repos/root/build/interpreter/llvm/src/tools/cling/tools/plugins/clad/clad-prefix/src/clad-build/CMakeFiles/CMakeTmp'
/usr/bin/make -f CMakeFiles/cmTC_6fb1e.dir/build.make CMakeFiles/cmTC_6fb1e.dir/build
make[4]: Entering directory '/home/default/Repos/root/build/interpreter/llvm/src/tools/cling/tools/plugins/clad/clad-prefix/src/clad-build/CMakeFiles/CMakeTmp'
Building C object CMakeFiles/cmTC_6fb1e.dir/feature_tests.c.o
/usr/bin/cc   -Wno-implicit-fallthrough -pipe -Wall -W -pthread -fPIC -Werror=date-time -w -ffunction-sections -fdata-sections    -std=c90 -o CMakeFiles/cmTC_6fb1e.dir/feature_tests.c.o   -c /home/default/Repos/root/build/interpreter/llvm/src/tools/cling/tools/plugins/clad/clad-prefix/src/clad-build/CMakeFiles/feature_tests.c
Linking C executable cmTC_6fb1e
/usr/bin/cmake -E cmake_link_script CMakeFiles/cmTC_6fb1e.dir/link.txt --verbose=1
/usr/bin/cc  -Wno-implicit-fallthrough -pipe -Wall -W -pthread -fPIC -Werror=date-time -w -ffunction-sections -fdata-sections     -rdynamic CMakeFiles/cmTC_6fb1e.dir/feature_tests.c.o  -o cmTC_6fb1e 
make[4]: Leaving directory '/home/default/Repos/root/build/interpreter/llvm/src/tools/cling/tools/plugins/clad/clad-prefix/src/clad-build/CMakeFiles/CMakeTmp'
make[3]: Leaving directory '/home/default/Repos/root/build/interpreter/llvm/src/tools/cling/tools/plugins/clad/clad-prefix/src/clad-build/CMakeFiles/CMakeTmp'


    Feature record: C_FEATURE:1c_function_prototypes
    Feature record: C_FEATURE:0c_restrict
    Feature record: C_FEATURE:0c_static_assert
    Feature record: C_FEATURE:0c_variadic_macros
Determining if the CXX compiler works passed with the following output:
Change Dir: /home/default/Repos/root/build/interpreter/llvm/src/tools/cling/tools/plugins/clad/clad-prefix/src/clad-build/CMakeFiles/CMakeTmp

Run Build Command:"/usr/bin/make" "cmTC_242ac/fast"
make[3]: Entering directory '/home/default/Repos/root/build/interpreter/llvm/src/tools/cling/tools/plugins/clad/clad-prefix/src/clad-build/CMakeFiles/CMakeTmp'
/usr/bin/make -f CMakeFiles/cmTC_242ac.dir/build.make CMakeFiles/cmTC_242ac.dir/build
make[4]: Entering directory '/home/default/Repos/root/build/interpreter/llvm/src/tools/cling/tools/plugins/clad/clad-prefix/src/clad-build/CMakeFiles/CMakeTmp'
Building CXX object CMakeFiles/cmTC_242ac.dir/testCXXCompiler.cxx.o
/usr/bin/c++    -std=c++11 -Wno-implicit-fallthrough -Wno-noexcept-type -pipe  -Wshadow -Wall -W -Woverloaded-virtual -fsigned-char -pthread  -fPIC -fvisibility-inlines-hidden -Werror=date-time -std=c++11 -w -ffunction-sections -fdata-sections -fno-common -Woverloaded-virtual -fno-strict-aliasing -Wno-nested-anon-types -Wno-covered-switch-default -Wno-unused-local-typedef -fno-rtti    -o CMakeFiles/cmTC_242ac.dir/testCXXCompiler.cxx.o -c /home/default/Repos/root/build/interpreter/llvm/src/tools/cling/tools/plugins/clad/clad-prefix/src/clad-build/CMakeFiles/CMakeTmp/testCXXCompiler.cxx
Linking CXX executable cmTC_242ac
/usr/bin/cmake -E cmake_link_script CMakeFiles/cmTC_242ac.dir/link.txt --verbose=1
/usr/bin/c++   -std=c++11 -Wno-implicit-fallthrough -Wno-noexcept-type -pipe  -Wshadow -Wall -W -Woverloaded-virtual -fsigned-char -pthread  -fPIC -fvisibility-inlines-hidden -Werror=date-time -std=c++11 -w -ffunction-sections -fdata-sections -fno-common -Woverloaded-virtual -fno-strict-aliasing -Wno-nested-anon-types -Wno-covered-switch-default -Wno-unused-local-typedef -fno-rtti     -rdynamic CMakeFiles/cmTC_242ac.dir/testCXXCompiler.cxx.o  -o cmTC_242ac 
make[4]: Leaving directory '/home/default/Repos/root/build/interpreter/llvm/src/tools/cling/tools/plugins/clad/clad-prefix/src/clad-build/CMakeFiles/CMakeTmp'
make[3]: Leaving directory '/home/default/Repos/root/build/interpreter/llvm/src/tools/cling/tools/plugins/clad/clad-prefix/src/clad-build/CMakeFiles/CMakeTmp'


Detecting CXX compiler ABI info compiled with the following output:
Change Dir: /home/default/Repos/root/build/interpreter/llvm/src/tools/cling/tools/plugins/clad/clad-prefix/src/clad-build/CMakeFiles/CMakeTmp

Run Build Command:"/usr/bin/make" "cmTC_be9ae/fast"
make[3]: Entering directory '/home/default/Repos/root/build/interpreter/llvm/src/tools/cling/tools/plugins/clad/clad-prefix/src/clad-build/CMakeFiles/CMakeTmp'
/usr/bin/make -f CMakeFiles/cmTC_be9ae.dir/build.make CMakeFiles/cmTC_be9ae.dir/build
make[4]: Entering directory '/home/default/Repos/root/build/interpreter/llvm/src/tools/cling/tools/plugins/clad/clad-prefix/src/clad-build/CMakeFiles/CMakeTmp'
Building CXX object CMakeFiles/cmTC_be9ae.dir/CMakeCXXCompilerABI.cpp.o
/usr/bin/c++    -std=c++11 -Wno-implicit-fallthrough -Wno-noexcept-type -pipe  -Wshadow -Wall -W -Woverloaded-virtual -fsigned-char -pthread  -fPIC -fvisibility-inlines-hidden -Werror=date-time -std=c++11 -w -ffunction-sections -fdata-sections -fno-common -Woverloaded-virtual -fno-strict-aliasing -Wno-nested-anon-types -Wno-covered-switch-default -Wno-unused-local-typedef -fno-rtti    -o CMakeFiles/cmTC_be9ae.dir/CMakeCXXCompilerABI.cpp.o -c /usr/share/cmake-3.10/Modules/CMakeCXXCompilerABI.cpp
Linking CXX executable cmTC_be9ae
/usr/bin/cmake -E cmake_link_script CMakeFiles/cmTC_be9ae.dir/link.txt --verbose=1
/usr/bin/c++   -std=c++11 -Wno-implicit-fallthrough -Wno-noexcept-type -pipe  -Wshadow -Wall -W -Woverloaded-virtual -fsigned-char -pthread  -fPIC -fvisibility-inlines-hidden -Werror=date-time -std=c++11 -w -ffunction-sections -fdata-sections -fno-common -Woverloaded-virtual -fno-strict-aliasing -Wno-nested-anon-types -Wno-covered-switch-default -Wno-unused-local-typedef -fno-rtti    -v -rdynamic CMakeFiles/cmTC_be9ae.dir/CMakeCXXCompilerABI.cpp.o  -o cmTC_be9ae 
Using built-in specs.
COLLECT_GCC=/usr/bin/c++
COLLECT_LTO_WRAPPER=/usr/lib/gcc/x86_64-linux-gnu/7/lto-wrapper
OFFLOAD_TARGET_NAMES=nvptx-none
OFFLOAD_TARGET_DEFAULT=1
Target: x86_64-linux-gnu
Configured with: ../src/configure -v --with-pkgversion='Ubuntu 7.4.0-1ubuntu1~18.04.1' --with-bugurl=file:///usr/share/doc/gcc-7/README.Bugs --enable-languages=c,ada,c++,go,brig,d,fortran,objc,obj-c++ --prefix=/usr --with-gcc-major-version-only --program-suffix=-7 --program-prefix=x86_64-linux-gnu- --enable-shared --enable-linker-build-id --libexecdir=/usr/lib --without-included-gettext --enable-threads=posix --libdir=/usr/lib --enable-nls --with-sysroot=/ --enable-clocale=gnu --enable-libstdcxx-debug --enable-libstdcxx-time=yes --with-default-libstdcxx-abi=new --enable-gnu-unique-object --disable-vtable-verify --enable-libmpx --enable-plugin --enable-default-pie --with-system-zlib --with-target-system-zlib --enable-objc-gc=auto --enable-multiarch --disable-werror --with-arch-32=i686 --with-abi=m64 --with-multilib-list=m32,m64,mx32 --enable-multilib --with-tune=generic --enable-offload-targets=nvptx-none --without-cuda-driver --enable-checking=release --build=x86_64-linux-gnu --host=x86_64-linux-gnu --target=x86_64-linux-gnu
Thread model: posix
gcc version 7.4.0 (Ubuntu 7.4.0-1ubuntu1~18.04.1) 
COMPILER_PATH=/usr/lib/gcc/x86_64-linux-gnu/7/:/usr/lib/gcc/x86_64-linux-gnu/7/:/usr/lib/gcc/x86_64-linux-gnu/:/usr/lib/gcc/x86_64-linux-gnu/7/:/usr/lib/gcc/x86_64-linux-gnu/
LIBRARY_PATH=/usr/lib/gcc/x86_64-linux-gnu/7/:/usr/lib/gcc/x86_64-linux-gnu/7/../../../x86_64-linux-gnu/:/usr/lib/gcc/x86_64-linux-gnu/7/../../../../lib/:/lib/x86_64-linux-gnu/:/lib/../lib/:/usr/lib/x86_64-linux-gnu/:/usr/lib/../lib/:/usr/lib/gcc/x86_64-linux-gnu/7/../../../:/lib/:/usr/lib/
COLLECT_GCC_OPTIONS='-std=c++11' '-Wimplicit-fallthrough=0' '-Wno-noexcept-type' '-pipe' '-Wshadow' '-Wall' '-Wextra' '-fsigned-char' '-pthread' '-fPIC' '-fvisibility-inlines-hidden' '-Werror=date-time' '-std=c++11' '-w' '-ffunction-sections' '-fdata-sections' '-fno-common' '-Woverloaded-virtual' '-fno-strict-aliasing' '-Wno-nested-anon-types' '-Wno-covered-switch-default' '-Wno-unused-local-typedef' '-fno-rtti' '-v' '-rdynamic' '-o' 'cmTC_be9ae' '-shared-libgcc' '-mtune=generic' '-march=x86-64'
 /usr/lib/gcc/x86_64-linux-gnu/7/collect2 -plugin /usr/lib/gcc/x86_64-linux-gnu/7/liblto_plugin.so -plugin-opt=/usr/lib/gcc/x86_64-linux-gnu/7/lto-wrapper -plugin-opt=-fresolution=/tmp/ccKgjxKr.res -plugin-opt=-pass-through=-lgcc_s -plugin-opt=-pass-through=-lgcc -plugin-opt=-pass-through=-lpthread -plugin-opt=-pass-through=-lc -plugin-opt=-pass-through=-lgcc_s -plugin-opt=-pass-through=-lgcc --sysroot=/ --build-id --eh-frame-hdr -m elf_x86_64 --hash-style=gnu --as-needed -export-dynamic -dynamic-linker /lib64/ld-linux-x86-64.so.2 -pie -z now -z relro -o cmTC_be9ae /usr/lib/gcc/x86_64-linux-gnu/7/../../../x86_64-linux-gnu/Scrt1.o /usr/lib/gcc/x86_64-linux-gnu/7/../../../x86_64-linux-gnu/crti.o /usr/lib/gcc/x86_64-linux-gnu/7/crtbeginS.o -L/usr/lib/gcc/x86_64-linux-gnu/7 -L/usr/lib/gcc/x86_64-linux-gnu/7/../../../x86_64-linux-gnu -L/usr/lib/gcc/x86_64-linux-gnu/7/../../../../lib -L/lib/x86_64-linux-gnu -L/lib/../lib -L/usr/lib/x86_64-linux-gnu -L/usr/lib/../lib -L/usr/lib/gcc/x86_64-linux-gnu/7/../../.. CMakeFiles/cmTC_be9ae.dir/CMakeCXXCompilerABI.cpp.o -lstdc++ -lm -lgcc_s -lgcc -lpthread -lc -lgcc_s -lgcc /usr/lib/gcc/x86_64-linux-gnu/7/crtendS.o /usr/lib/gcc/x86_64-linux-gnu/7/../../../x86_64-linux-gnu/crtn.o
COLLECT_GCC_OPTIONS='-std=c++11' '-Wimplicit-fallthrough=0' '-Wno-noexcept-type' '-pipe' '-Wshadow' '-Wall' '-Wextra' '-fsigned-char' '-pthread' '-fPIC' '-fvisibility-inlines-hidden' '-Werror=date-time' '-std=c++11' '-w' '-ffunction-sections' '-fdata-sections' '-fno-common' '-Woverloaded-virtual' '-fno-strict-aliasing' '-Wno-nested-anon-types' '-Wno-covered-switch-default' '-Wno-unused-local-typedef' '-fno-rtti' '-v' '-rdynamic' '-o' 'cmTC_be9ae' '-shared-libgcc' '-mtune=generic' '-march=x86-64'
make[4]: Leaving directory '/home/default/Repos/root/build/interpreter/llvm/src/tools/cling/tools/plugins/clad/clad-prefix/src/clad-build/CMakeFiles/CMakeTmp'
make[3]: Leaving directory '/home/default/Repos/root/build/interpreter/llvm/src/tools/cling/tools/plugins/clad/clad-prefix/src/clad-build/CMakeFiles/CMakeTmp'


Parsed CXX implicit link information from above output:
  link line regex: [^( *|.*[/\])(ld|CMAKE_LINK_STARTFILE-NOTFOUND|([^/\]+-)?ld|collect2)[^/\]*( |$)]
  ignore line: [Change Dir: /home/default/Repos/root/build/interpreter/llvm/src/tools/cling/tools/plugins/clad/clad-prefix/src/clad-build/CMakeFiles/CMakeTmp]
  ignore line: []
  ignore line: [Run Build Command:"/usr/bin/make" "cmTC_be9ae/fast"]
  ignore line: [make[3]: Entering directory '/home/default/Repos/root/build/interpreter/llvm/src/tools/cling/tools/plugins/clad/clad-prefix/src/clad-build/CMakeFiles/CMakeTmp']
  ignore line: [/usr/bin/make -f CMakeFiles/cmTC_be9ae.dir/build.make CMakeFiles/cmTC_be9ae.dir/build]
  ignore line: [make[4]: Entering directory '/home/default/Repos/root/build/interpreter/llvm/src/tools/cling/tools/plugins/clad/clad-prefix/src/clad-build/CMakeFiles/CMakeTmp']
  ignore line: [Building CXX object CMakeFiles/cmTC_be9ae.dir/CMakeCXXCompilerABI.cpp.o]
  ignore line: [/usr/bin/c++    -std=c++11 -Wno-implicit-fallthrough -Wno-noexcept-type -pipe  -Wshadow -Wall -W -Woverloaded-virtual -fsigned-char -pthread  -fPIC -fvisibility-inlines-hidden -Werror=date-time -std=c++11 -w -ffunction-sections -fdata-sections -fno-common -Woverloaded-virtual -fno-strict-aliasing -Wno-nested-anon-types -Wno-covered-switch-default -Wno-unused-local-typedef -fno-rtti    -o CMakeFiles/cmTC_be9ae.dir/CMakeCXXCompilerABI.cpp.o -c /usr/share/cmake-3.10/Modules/CMakeCXXCompilerABI.cpp]
  ignore line: [Linking CXX executable cmTC_be9ae]
  ignore line: [/usr/bin/cmake -E cmake_link_script CMakeFiles/cmTC_be9ae.dir/link.txt --verbose=1]
  ignore line: [/usr/bin/c++   -std=c++11 -Wno-implicit-fallthrough -Wno-noexcept-type -pipe  -Wshadow -Wall -W -Woverloaded-virtual -fsigned-char -pthread  -fPIC -fvisibility-inlines-hidden -Werror=date-time -std=c++11 -w -ffunction-sections -fdata-sections -fno-common -Woverloaded-virtual -fno-strict-aliasing -Wno-nested-anon-types -Wno-covered-switch-default -Wno-unused-local-typedef -fno-rtti    -v -rdynamic CMakeFiles/cmTC_be9ae.dir/CMakeCXXCompilerABI.cpp.o  -o cmTC_be9ae ]
  ignore line: [Using built-in specs.]
  ignore line: [COLLECT_GCC=/usr/bin/c++]
  ignore line: [COLLECT_LTO_WRAPPER=/usr/lib/gcc/x86_64-linux-gnu/7/lto-wrapper]
  ignore line: [OFFLOAD_TARGET_NAMES=nvptx-none]
  ignore line: [OFFLOAD_TARGET_DEFAULT=1]
  ignore line: [Target: x86_64-linux-gnu]
  ignore line: [Configured with: ../src/configure -v --with-pkgversion='Ubuntu 7.4.0-1ubuntu1~18.04.1' --with-bugurl=file:///usr/share/doc/gcc-7/README.Bugs --enable-languages=c,ada,c++,go,brig,d,fortran,objc,obj-c++ --prefix=/usr --with-gcc-major-version-only --program-suffix=-7 --program-prefix=x86_64-linux-gnu- --enable-shared --enable-linker-build-id --libexecdir=/usr/lib --without-included-gettext --enable-threads=posix --libdir=/usr/lib --enable-nls --with-sysroot=/ --enable-clocale=gnu --enable-libstdcxx-debug --enable-libstdcxx-time=yes --with-default-libstdcxx-abi=new --enable-gnu-unique-object --disable-vtable-verify --enable-libmpx --enable-plugin --enable-default-pie --with-system-zlib --with-target-system-zlib --enable-objc-gc=auto --enable-multiarch --disable-werror --with-arch-32=i686 --with-abi=m64 --with-multilib-list=m32,m64,mx32 --enable-multilib --with-tune=generic --enable-offload-targets=nvptx-none --without-cuda-driver --enable-checking=release --build=x86_64-linux-gnu --host=x86_64-linux-gnu --target=x86_64-linux-gnu]
  ignore line: [Thread model: posix]
  ignore line: [gcc version 7.4.0 (Ubuntu 7.4.0-1ubuntu1~18.04.1) ]
  ignore line: [COMPILER_PATH=/usr/lib/gcc/x86_64-linux-gnu/7/:/usr/lib/gcc/x86_64-linux-gnu/7/:/usr/lib/gcc/x86_64-linux-gnu/:/usr/lib/gcc/x86_64-linux-gnu/7/:/usr/lib/gcc/x86_64-linux-gnu/]
  ignore line: [LIBRARY_PATH=/usr/lib/gcc/x86_64-linux-gnu/7/:/usr/lib/gcc/x86_64-linux-gnu/7/../../../x86_64-linux-gnu/:/usr/lib/gcc/x86_64-linux-gnu/7/../../../../lib/:/lib/x86_64-linux-gnu/:/lib/../lib/:/usr/lib/x86_64-linux-gnu/:/usr/lib/../lib/:/usr/lib/gcc/x86_64-linux-gnu/7/../../../:/lib/:/usr/lib/]
  ignore line: [COLLECT_GCC_OPTIONS='-std=c++11' '-Wimplicit-fallthrough=0' '-Wno-noexcept-type' '-pipe' '-Wshadow' '-Wall' '-Wextra' '-fsigned-char' '-pthread' '-fPIC' '-fvisibility-inlines-hidden' '-Werror=date-time' '-std=c++11' '-w' '-ffunction-sections' '-fdata-sections' '-fno-common' '-Woverloaded-virtual' '-fno-strict-aliasing' '-Wno-nested-anon-types' '-Wno-covered-switch-default' '-Wno-unused-local-typedef' '-fno-rtti' '-v' '-rdynamic' '-o' 'cmTC_be9ae' '-shared-libgcc' '-mtune=generic' '-march=x86-64']
  link line: [ /usr/lib/gcc/x86_64-linux-gnu/7/collect2 -plugin /usr/lib/gcc/x86_64-linux-gnu/7/liblto_plugin.so -plugin-opt=/usr/lib/gcc/x86_64-linux-gnu/7/lto-wrapper -plugin-opt=-fresolution=/tmp/ccKgjxKr.res -plugin-opt=-pass-through=-lgcc_s -plugin-opt=-pass-through=-lgcc -plugin-opt=-pass-through=-lpthread -plugin-opt=-pass-through=-lc -plugin-opt=-pass-through=-lgcc_s -plugin-opt=-pass-through=-lgcc --sysroot=/ --build-id --eh-frame-hdr -m elf_x86_64 --hash-style=gnu --as-needed -export-dynamic -dynamic-linker /lib64/ld-linux-x86-64.so.2 -pie -z now -z relro -o cmTC_be9ae /usr/lib/gcc/x86_64-linux-gnu/7/../../../x86_64-linux-gnu/Scrt1.o /usr/lib/gcc/x86_64-linux-gnu/7/../../../x86_64-linux-gnu/crti.o /usr/lib/gcc/x86_64-linux-gnu/7/crtbeginS.o -L/usr/lib/gcc/x86_64-linux-gnu/7 -L/usr/lib/gcc/x86_64-linux-gnu/7/../../../x86_64-linux-gnu -L/usr/lib/gcc/x86_64-linux-gnu/7/../../../../lib -L/lib/x86_64-linux-gnu -L/lib/../lib -L/usr/lib/x86_64-linux-gnu -L/usr/lib/../lib -L/usr/lib/gcc/x86_64-linux-gnu/7/../../.. CMakeFiles/cmTC_be9ae.dir/CMakeCXXCompilerABI.cpp.o -lstdc++ -lm -lgcc_s -lgcc -lpthread -lc -lgcc_s -lgcc /usr/lib/gcc/x86_64-linux-gnu/7/crtendS.o /usr/lib/gcc/x86_64-linux-gnu/7/../../../x86_64-linux-gnu/crtn.o]
    arg [/usr/lib/gcc/x86_64-linux-gnu/7/collect2] ==> ignore
    arg [-plugin] ==> ignore
    arg [/usr/lib/gcc/x86_64-linux-gnu/7/liblto_plugin.so] ==> ignore
    arg [-plugin-opt=/usr/lib/gcc/x86_64-linux-gnu/7/lto-wrapper] ==> ignore
    arg [-plugin-opt=-fresolution=/tmp/ccKgjxKr.res] ==> ignore
    arg [-plugin-opt=-pass-through=-lgcc_s] ==> ignore
    arg [-plugin-opt=-pass-through=-lgcc] ==> ignore
    arg [-plugin-opt=-pass-through=-lpthread] ==> ignore
    arg [-plugin-opt=-pass-through=-lc] ==> ignore
    arg [-plugin-opt=-pass-through=-lgcc_s] ==> ignore
    arg [-plugin-opt=-pass-through=-lgcc] ==> ignore
    arg [--sysroot=/] ==> ignore
    arg [--build-id] ==> ignore
    arg [--eh-frame-hdr] ==> ignore
    arg [-m] ==> ignore
    arg [elf_x86_64] ==> ignore
    arg [--hash-style=gnu] ==> ignore
    arg [--as-needed] ==> ignore
    arg [-export-dynamic] ==> ignore
    arg [-dynamic-linker] ==> ignore
    arg [/lib64/ld-linux-x86-64.so.2] ==> ignore
    arg [-pie] ==> ignore
    arg [-znow] ==> ignore
    arg [-zrelro] ==> ignore
    arg [-o] ==> ignore
    arg [cmTC_be9ae] ==> ignore
    arg [/usr/lib/gcc/x86_64-linux-gnu/7/../../../x86_64-linux-gnu/Scrt1.o] ==> ignore
    arg [/usr/lib/gcc/x86_64-linux-gnu/7/../../../x86_64-linux-gnu/crti.o] ==> ignore
    arg [/usr/lib/gcc/x86_64-linux-gnu/7/crtbeginS.o] ==> ignore
    arg [-L/usr/lib/gcc/x86_64-linux-gnu/7] ==> dir [/usr/lib/gcc/x86_64-linux-gnu/7]
    arg [-L/usr/lib/gcc/x86_64-linux-gnu/7/../../../x86_64-linux-gnu] ==> dir [/usr/lib/gcc/x86_64-linux-gnu/7/../../../x86_64-linux-gnu]
    arg [-L/usr/lib/gcc/x86_64-linux-gnu/7/../../../../lib] ==> dir [/usr/lib/gcc/x86_64-linux-gnu/7/../../../../lib]
    arg [-L/lib/x86_64-linux-gnu] ==> dir [/lib/x86_64-linux-gnu]
    arg [-L/lib/../lib] ==> dir [/lib/../lib]
    arg [-L/usr/lib/x86_64-linux-gnu] ==> dir [/usr/lib/x86_64-linux-gnu]
    arg [-L/usr/lib/../lib] ==> dir [/usr/lib/../lib]
    arg [-L/usr/lib/gcc/x86_64-linux-gnu/7/../../..] ==> dir [/usr/lib/gcc/x86_64-linux-gnu/7/../../..]
    arg [CMakeFiles/cmTC_be9ae.dir/CMakeCXXCompilerABI.cpp.o] ==> ignore
    arg [-lstdc++] ==> lib [stdc++]
    arg [-lm] ==> lib [m]
    arg [-lgcc_s] ==> lib [gcc_s]
    arg [-lgcc] ==> lib [gcc]
    arg [-lpthread] ==> lib [pthread]
    arg [-lc] ==> lib [c]
    arg [-lgcc_s] ==> lib [gcc_s]
    arg [-lgcc] ==> lib [gcc]
    arg [/usr/lib/gcc/x86_64-linux-gnu/7/crtendS.o] ==> ignore
    arg [/usr/lib/gcc/x86_64-linux-gnu/7/../../../x86_64-linux-gnu/crtn.o] ==> ignore
  collapse library dir [/usr/lib/gcc/x86_64-linux-gnu/7] ==> [/usr/lib/gcc/x86_64-linux-gnu/7]
  collapse library dir [/usr/lib/gcc/x86_64-linux-gnu/7/../../../x86_64-linux-gnu] ==> [/usr/lib/x86_64-linux-gnu]
  collapse library dir [/usr/lib/gcc/x86_64-linux-gnu/7/../../../../lib] ==> [/usr/lib]
  collapse library dir [/lib/x86_64-linux-gnu] ==> [/lib/x86_64-linux-gnu]
  collapse library dir [/lib/../lib] ==> [/lib]
  collapse library dir [/usr/lib/x86_64-linux-gnu] ==> [/usr/lib/x86_64-linux-gnu]
  collapse library dir [/usr/lib/../lib] ==> [/usr/lib]
  collapse library dir [/usr/lib/gcc/x86_64-linux-gnu/7/../../..] ==> [/usr/lib]
  implicit libs: [stdc++;m;gcc_s;gcc;pthread;c;gcc_s;gcc]
  implicit dirs: [/usr/lib/gcc/x86_64-linux-gnu/7;/usr/lib/x86_64-linux-gnu;/usr/lib;/lib/x86_64-linux-gnu;/lib]
  implicit fwks: []




Detecting CXX [-std=c++1z] compiler features compiled with the following output:
Change Dir: /home/default/Repos/root/build/interpreter/llvm/src/tools/cling/tools/plugins/clad/clad-prefix/src/clad-build/CMakeFiles/CMakeTmp

Run Build Command:"/usr/bin/make" "cmTC_5c1b2/fast"
make[3]: Entering directory '/home/default/Repos/root/build/interpreter/llvm/src/tools/cling/tools/plugins/clad/clad-prefix/src/clad-build/CMakeFiles/CMakeTmp'
/usr/bin/make -f CMakeFiles/cmTC_5c1b2.dir/build.make CMakeFiles/cmTC_5c1b2.dir/build
make[4]: Entering directory '/home/default/Repos/root/build/interpreter/llvm/src/tools/cling/tools/plugins/clad/clad-prefix/src/clad-build/CMakeFiles/CMakeTmp'
Building CXX object CMakeFiles/cmTC_5c1b2.dir/feature_tests.cxx.o
/usr/bin/c++    -std=c++11 -Wno-implicit-fallthrough -Wno-noexcept-type -pipe  -Wshadow -Wall -W -Woverloaded-virtual -fsigned-char -pthread  -fPIC -fvisibility-inlines-hidden -Werror=date-time -std=c++11 -w -ffunction-sections -fdata-sections -fno-common -Woverloaded-virtual -fno-strict-aliasing -Wno-nested-anon-types -Wno-covered-switch-default -Wno-unused-local-typedef -fno-rtti    -std=c++1z -o CMakeFiles/cmTC_5c1b2.dir/feature_tests.cxx.o -c /home/default/Repos/root/build/interpreter/llvm/src/tools/cling/tools/plugins/clad/clad-prefix/src/clad-build/CMakeFiles/feature_tests.cxx
Linking CXX executable cmTC_5c1b2
/usr/bin/cmake -E cmake_link_script CMakeFiles/cmTC_5c1b2.dir/link.txt --verbose=1
/usr/bin/c++   -std=c++11 -Wno-implicit-fallthrough -Wno-noexcept-type -pipe  -Wshadow -Wall -W -Woverloaded-virtual -fsigned-char -pthread  -fPIC -fvisibility-inlines-hidden -Werror=date-time -std=c++11 -w -ffunction-sections -fdata-sections -fno-common -Woverloaded-virtual -fno-strict-aliasing -Wno-nested-anon-types -Wno-covered-switch-default -Wno-unused-local-typedef -fno-rtti     -rdynamic CMakeFiles/cmTC_5c1b2.dir/feature_tests.cxx.o  -o cmTC_5c1b2 
make[4]: Leaving directory '/home/default/Repos/root/build/interpreter/llvm/src/tools/cling/tools/plugins/clad/clad-prefix/src/clad-build/CMakeFiles/CMakeTmp'
make[3]: Leaving directory '/home/default/Repos/root/build/interpreter/llvm/src/tools/cling/tools/plugins/clad/clad-prefix/src/clad-build/CMakeFiles/CMakeTmp'


    Feature record: CXX_FEATURE:1cxx_aggregate_default_initializers
    Feature record: CXX_FEATURE:1cxx_alias_templates
    Feature record: CXX_FEATURE:1cxx_alignas
    Feature record: CXX_FEATURE:1cxx_alignof
    Feature record: CXX_FEATURE:1cxx_attributes
    Feature record: CXX_FEATURE:1cxx_attribute_deprecated
    Feature record: CXX_FEATURE:1cxx_auto_type
    Feature record: CXX_FEATURE:1cxx_binary_literals
    Feature record: CXX_FEATURE:1cxx_constexpr
    Feature record: CXX_FEATURE:1cxx_contextual_conversions
    Feature record: CXX_FEATURE:1cxx_decltype
    Feature record: CXX_FEATURE:1cxx_decltype_auto
    Feature record: CXX_FEATURE:1cxx_decltype_incomplete_return_types
    Feature record: CXX_FEATURE:1cxx_default_function_template_args
    Feature record: CXX_FEATURE:1cxx_defaulted_functions
    Feature record: CXX_FEATURE:1cxx_defaulted_move_initializers
    Feature record: CXX_FEATURE:1cxx_delegating_constructors
    Feature record: CXX_FEATURE:1cxx_deleted_functions
    Feature record: CXX_FEATURE:1cxx_digit_separators
    Feature record: CXX_FEATURE:1cxx_enum_forward_declarations
    Feature record: CXX_FEATURE:1cxx_explicit_conversions
    Feature record: CXX_FEATURE:1cxx_extended_friend_declarations
    Feature record: CXX_FEATURE:1cxx_extern_templates
    Feature record: CXX_FEATURE:1cxx_final
    Feature record: CXX_FEATURE:1cxx_func_identifier
    Feature record: CXX_FEATURE:1cxx_generalized_initializers
    Feature record: CXX_FEATURE:1cxx_generic_lambdas
    Feature record: CXX_FEATURE:1cxx_inheriting_constructors
    Feature record: CXX_FEATURE:1cxx_inline_namespaces
    Feature record: CXX_FEATURE:1cxx_lambdas
    Feature record: CXX_FEATURE:1cxx_lambda_init_captures
    Feature record: CXX_FEATURE:1cxx_local_type_template_args
    Feature record: CXX_FEATURE:1cxx_long_long_type
    Feature record: CXX_FEATURE:1cxx_noexcept
    Feature record: CXX_FEATURE:1cxx_nonstatic_member_init
    Feature record: CXX_FEATURE:1cxx_nullptr
    Feature record: CXX_FEATURE:1cxx_override
    Feature record: CXX_FEATURE:1cxx_range_for
    Feature record: CXX_FEATURE:1cxx_raw_string_literals
    Feature record: CXX_FEATURE:1cxx_reference_qualified_functions
    Feature record: CXX_FEATURE:1cxx_relaxed_constexpr
    Feature record: CXX_FEATURE:1cxx_return_type_deduction
    Feature record: CXX_FEATURE:1cxx_right_angle_brackets
    Feature record: CXX_FEATURE:1cxx_rvalue_references
    Feature record: CXX_FEATURE:1cxx_sizeof_member
    Feature record: CXX_FEATURE:1cxx_static_assert
    Feature record: CXX_FEATURE:1cxx_strong_enums
    Feature record: CXX_FEATURE:1cxx_template_template_parameters
    Feature record: CXX_FEATURE:1cxx_thread_local
    Feature record: CXX_FEATURE:1cxx_trailing_return_types
    Feature record: CXX_FEATURE:1cxx_unicode_literals
    Feature record: CXX_FEATURE:1cxx_uniform_initialization
    Feature record: CXX_FEATURE:1cxx_unrestricted_unions
    Feature record: CXX_FEATURE:1cxx_user_literals
    Feature record: CXX_FEATURE:1cxx_variable_templates
    Feature record: CXX_FEATURE:1cxx_variadic_macros
    Feature record: CXX_FEATURE:1cxx_variadic_templates


Detecting CXX [-std=c++14] compiler features compiled with the following output:
Change Dir: /home/default/Repos/root/build/interpreter/llvm/src/tools/cling/tools/plugins/clad/clad-prefix/src/clad-build/CMakeFiles/CMakeTmp

Run Build Command:"/usr/bin/make" "cmTC_9a097/fast"
make[3]: Entering directory '/home/default/Repos/root/build/interpreter/llvm/src/tools/cling/tools/plugins/clad/clad-prefix/src/clad-build/CMakeFiles/CMakeTmp'
/usr/bin/make -f CMakeFiles/cmTC_9a097.dir/build.make CMakeFiles/cmTC_9a097.dir/build
make[4]: Entering directory '/home/default/Repos/root/build/interpreter/llvm/src/tools/cling/tools/plugins/clad/clad-prefix/src/clad-build/CMakeFiles/CMakeTmp'
Building CXX object CMakeFiles/cmTC_9a097.dir/feature_tests.cxx.o
/usr/bin/c++    -std=c++11 -Wno-implicit-fallthrough -Wno-noexcept-type -pipe  -Wshadow -Wall -W -Woverloaded-virtual -fsigned-char -pthread  -fPIC -fvisibility-inlines-hidden -Werror=date-time -std=c++11 -w -ffunction-sections -fdata-sections -fno-common -Woverloaded-virtual -fno-strict-aliasing -Wno-nested-anon-types -Wno-covered-switch-default -Wno-unused-local-typedef -fno-rtti    -std=c++14 -o CMakeFiles/cmTC_9a097.dir/feature_tests.cxx.o -c /home/default/Repos/root/build/interpreter/llvm/src/tools/cling/tools/plugins/clad/clad-prefix/src/clad-build/CMakeFiles/feature_tests.cxx
Linking CXX executable cmTC_9a097
/usr/bin/cmake -E cmake_link_script CMakeFiles/cmTC_9a097.dir/link.txt --verbose=1
/usr/bin/c++   -std=c++11 -Wno-implicit-fallthrough -Wno-noexcept-type -pipe  -Wshadow -Wall -W -Woverloaded-virtual -fsigned-char -pthread  -fPIC -fvisibility-inlines-hidden -Werror=date-time -std=c++11 -w -ffunction-sections -fdata-sections -fno-common -Woverloaded-virtual -fno-strict-aliasing -Wno-nested-anon-types -Wno-covered-switch-default -Wno-unused-local-typedef -fno-rtti     -rdynamic CMakeFiles/cmTC_9a097.dir/feature_tests.cxx.o  -o cmTC_9a097 
make[4]: Leaving directory '/home/default/Repos/root/build/interpreter/llvm/src/tools/cling/tools/plugins/clad/clad-prefix/src/clad-build/CMakeFiles/CMakeTmp'
make[3]: Leaving directory '/home/default/Repos/root/build/interpreter/llvm/src/tools/cling/tools/plugins/clad/clad-prefix/src/clad-build/CMakeFiles/CMakeTmp'


    Feature record: CXX_FEATURE:1cxx_aggregate_default_initializers
    Feature record: CXX_FEATURE:1cxx_alias_templates
    Feature record: CXX_FEATURE:1cxx_alignas
    Feature record: CXX_FEATURE:1cxx_alignof
    Feature record: CXX_FEATURE:1cxx_attributes
    Feature record: CXX_FEATURE:1cxx_attribute_deprecated
    Feature record: CXX_FEATURE:1cxx_auto_type
    Feature record: CXX_FEATURE:1cxx_binary_literals
    Feature record: CXX_FEATURE:1cxx_constexpr
    Feature record: CXX_FEATURE:1cxx_contextual_conversions
    Feature record: CXX_FEATURE:1cxx_decltype
    Feature record: CXX_FEATURE:1cxx_decltype_auto
    Feature record: CXX_FEATURE:1cxx_decltype_incomplete_return_types
    Feature record: CXX_FEATURE:1cxx_default_function_template_args
    Feature record: CXX_FEATURE:1cxx_defaulted_functions
    Feature record: CXX_FEATURE:1cxx_defaulted_move_initializers
    Feature record: CXX_FEATURE:1cxx_delegating_constructors
    Feature record: CXX_FEATURE:1cxx_deleted_functions
    Feature record: CXX_FEATURE:1cxx_digit_separators
    Feature record: CXX_FEATURE:1cxx_enum_forward_declarations
    Feature record: CXX_FEATURE:1cxx_explicit_conversions
    Feature record: CXX_FEATURE:1cxx_extended_friend_declarations
    Feature record: CXX_FEATURE:1cxx_extern_templates
    Feature record: CXX_FEATURE:1cxx_final
    Feature record: CXX_FEATURE:1cxx_func_identifier
    Feature record: CXX_FEATURE:1cxx_generalized_initializers
    Feature record: CXX_FEATURE:1cxx_generic_lambdas
    Feature record: CXX_FEATURE:1cxx_inheriting_constructors
    Feature record: CXX_FEATURE:1cxx_inline_namespaces
    Feature record: CXX_FEATURE:1cxx_lambdas
    Feature record: CXX_FEATURE:1cxx_lambda_init_captures
    Feature record: CXX_FEATURE:1cxx_local_type_template_args
    Feature record: CXX_FEATURE:1cxx_long_long_type
    Feature record: CXX_FEATURE:1cxx_noexcept
    Feature record: CXX_FEATURE:1cxx_nonstatic_member_init
    Feature record: CXX_FEATURE:1cxx_nullptr
    Feature record: CXX_FEATURE:1cxx_override
    Feature record: CXX_FEATURE:1cxx_range_for
    Feature record: CXX_FEATURE:1cxx_raw_string_literals
    Feature record: CXX_FEATURE:1cxx_reference_qualified_functions
    Feature record: CXX_FEATURE:1cxx_relaxed_constexpr
    Feature record: CXX_FEATURE:1cxx_return_type_deduction
    Feature record: CXX_FEATURE:1cxx_right_angle_brackets
    Feature record: CXX_FEATURE:1cxx_rvalue_references
    Feature record: CXX_FEATURE:1cxx_sizeof_member
    Feature record: CXX_FEATURE:1cxx_static_assert
    Feature record: CXX_FEATURE:1cxx_strong_enums
    Feature record: CXX_FEATURE:1cxx_template_template_parameters
    Feature record: CXX_FEATURE:1cxx_thread_local
    Feature record: CXX_FEATURE:1cxx_trailing_return_types
    Feature record: CXX_FEATURE:1cxx_unicode_literals
    Feature record: CXX_FEATURE:1cxx_uniform_initialization
    Feature record: CXX_FEATURE:1cxx_unrestricted_unions
    Feature record: CXX_FEATURE:1cxx_user_literals
    Feature record: CXX_FEATURE:1cxx_variable_templates
    Feature record: CXX_FEATURE:1cxx_variadic_macros
    Feature record: CXX_FEATURE:1cxx_variadic_templates


Detecting CXX [-std=c++11] compiler features compiled with the following output:
Change Dir: /home/default/Repos/root/build/interpreter/llvm/src/tools/cling/tools/plugins/clad/clad-prefix/src/clad-build/CMakeFiles/CMakeTmp

Run Build Command:"/usr/bin/make" "cmTC_9d24f/fast"
make[3]: Entering directory '/home/default/Repos/root/build/interpreter/llvm/src/tools/cling/tools/plugins/clad/clad-prefix/src/clad-build/CMakeFiles/CMakeTmp'
/usr/bin/make -f CMakeFiles/cmTC_9d24f.dir/build.make CMakeFiles/cmTC_9d24f.dir/build
make[4]: Entering directory '/home/default/Repos/root/build/interpreter/llvm/src/tools/cling/tools/plugins/clad/clad-prefix/src/clad-build/CMakeFiles/CMakeTmp'
Building CXX object CMakeFiles/cmTC_9d24f.dir/feature_tests.cxx.o
/usr/bin/c++    -std=c++11 -Wno-implicit-fallthrough -Wno-noexcept-type -pipe  -Wshadow -Wall -W -Woverloaded-virtual -fsigned-char -pthread  -fPIC -fvisibility-inlines-hidden -Werror=date-time -std=c++11 -w -ffunction-sections -fdata-sections -fno-common -Woverloaded-virtual -fno-strict-aliasing -Wno-nested-anon-types -Wno-covered-switch-default -Wno-unused-local-typedef -fno-rtti    -std=c++11 -o CMakeFiles/cmTC_9d24f.dir/feature_tests.cxx.o -c /home/default/Repos/root/build/interpreter/llvm/src/tools/cling/tools/plugins/clad/clad-prefix/src/clad-build/CMakeFiles/feature_tests.cxx
Linking CXX executable cmTC_9d24f
/usr/bin/cmake -E cmake_link_script CMakeFiles/cmTC_9d24f.dir/link.txt --verbose=1
/usr/bin/c++   -std=c++11 -Wno-implicit-fallthrough -Wno-noexcept-type -pipe  -Wshadow -Wall -W -Woverloaded-virtual -fsigned-char -pthread  -fPIC -fvisibility-inlines-hidden -Werror=date-time -std=c++11 -w -ffunction-sections -fdata-sections -fno-common -Woverloaded-virtual -fno-strict-aliasing -Wno-nested-anon-types -Wno-covered-switch-default -Wno-unused-local-typedef -fno-rtti     -rdynamic CMakeFiles/cmTC_9d24f.dir/feature_tests.cxx.o  -o cmTC_9d24f 
make[4]: Leaving directory '/home/default/Repos/root/build/interpreter/llvm/src/tools/cling/tools/plugins/clad/clad-prefix/src/clad-build/CMakeFiles/CMakeTmp'
make[3]: Leaving directory '/home/default/Repos/root/build/interpreter/llvm/src/tools/cling/tools/plugins/clad/clad-prefix/src/clad-build/CMakeFiles/CMakeTmp'


    Feature record: CXX_FEATURE:0cxx_aggregate_default_initializers
    Feature record: CXX_FEATURE:1cxx_alias_templates
    Feature record: CXX_FEATURE:1cxx_alignas
    Feature record: CXX_FEATURE:1cxx_alignof
    Feature record: CXX_FEATURE:1cxx_attributes
    Feature record: CXX_FEATURE:0cxx_attribute_deprecated
    Feature record: CXX_FEATURE:1cxx_auto_type
    Feature record: CXX_FEATURE:0cxx_binary_literals
    Feature record: CXX_FEATURE:1cxx_constexpr
    Feature record: CXX_FEATURE:0cxx_contextual_conversions
    Feature record: CXX_FEATURE:1cxx_decltype
    Feature record: CXX_FEATURE:0cxx_decltype_auto
    Feature record: CXX_FEATURE:1cxx_decltype_incomplete_return_types
    Feature record: CXX_FEATURE:1cxx_default_function_template_args
    Feature record: CXX_FEATURE:1cxx_defaulted_functions
    Feature record: CXX_FEATURE:1cxx_defaulted_move_initializers
    Feature record: CXX_FEATURE:1cxx_delegating_constructors
    Feature record: CXX_FEATURE:1cxx_deleted_functions
    Feature record: CXX_FEATURE:0cxx_digit_separators
    Feature record: CXX_FEATURE:1cxx_enum_forward_declarations
    Feature record: CXX_FEATURE:1cxx_explicit_conversions
    Feature record: CXX_FEATURE:1cxx_extended_friend_declarations
    Feature record: CXX_FEATURE:1cxx_extern_templates
    Feature record: CXX_FEATURE:1cxx_final
    Feature record: CXX_FEATURE:1cxx_func_identifier
    Feature record: CXX_FEATURE:1cxx_generalized_initializers
    Feature record: CXX_FEATURE:0cxx_generic_lambdas
    Feature record: CXX_FEATURE:1cxx_inheriting_constructors
    Feature record: CXX_FEATURE:1cxx_inline_namespaces
    Feature record: CXX_FEATURE:1cxx_lambdas
    Feature record: CXX_FEATURE:0cxx_lambda_init_captures
    Feature record: CXX_FEATURE:1cxx_local_type_template_args
    Feature record: CXX_FEATURE:1cxx_long_long_type
    Feature record: CXX_FEATURE:1cxx_noexcept
    Feature record: CXX_FEATURE:1cxx_nonstatic_member_init
    Feature record: CXX_FEATURE:1cxx_nullptr
    Feature record: CXX_FEATURE:1cxx_override
    Feature record: CXX_FEATURE:1cxx_range_for
    Feature record: CXX_FEATURE:1cxx_raw_string_literals
    Feature record: CXX_FEATURE:1cxx_reference_qualified_functions
    Feature record: CXX_FEATURE:0cxx_relaxed_constexpr
    Feature record: CXX_FEATURE:0cxx_return_type_deduction
    Feature record: CXX_FEATURE:1cxx_right_angle_brackets
    Feature record: CXX_FEATURE:1cxx_rvalue_references
    Feature record: CXX_FEATURE:1cxx_sizeof_member
    Feature record: CXX_FEATURE:1cxx_static_assert
    Feature record: CXX_FEATURE:1cxx_strong_enums
    Feature record: CXX_FEATURE:1cxx_template_template_parameters
    Feature record: CXX_FEATURE:1cxx_thread_local
    Feature record: CXX_FEATURE:1cxx_trailing_return_types
    Feature record: CXX_FEATURE:1cxx_unicode_literals
    Feature record: CXX_FEATURE:1cxx_uniform_initialization
    Feature record: CXX_FEATURE:1cxx_unrestricted_unions
    Feature record: CXX_FEATURE:1cxx_user_literals
    Feature record: CXX_FEATURE:0cxx_variable_templates
    Feature record: CXX_FEATURE:1cxx_variadic_macros
    Feature record: CXX_FEATURE:1cxx_variadic_templates


Detecting CXX [-std=c++98] compiler features compiled with the following output:
Change Dir: /home/default/Repos/root/build/interpreter/llvm/src/tools/cling/tools/plugins/clad/clad-prefix/src/clad-build/CMakeFiles/CMakeTmp

Run Build Command:"/usr/bin/make" "cmTC_a6729/fast"
make[3]: Entering directory '/home/default/Repos/root/build/interpreter/llvm/src/tools/cling/tools/plugins/clad/clad-prefix/src/clad-build/CMakeFiles/CMakeTmp'
/usr/bin/make -f CMakeFiles/cmTC_a6729.dir/build.make CMakeFiles/cmTC_a6729.dir/build
make[4]: Entering directory '/home/default/Repos/root/build/interpreter/llvm/src/tools/cling/tools/plugins/clad/clad-prefix/src/clad-build/CMakeFiles/CMakeTmp'
Building CXX object CMakeFiles/cmTC_a6729.dir/feature_tests.cxx.o
/usr/bin/c++    -std=c++11 -Wno-implicit-fallthrough -Wno-noexcept-type -pipe  -Wshadow -Wall -W -Woverloaded-virtual -fsigned-char -pthread  -fPIC -fvisibility-inlines-hidden -Werror=date-time -std=c++11 -w -ffunction-sections -fdata-sections -fno-common -Woverloaded-virtual -fno-strict-aliasing -Wno-nested-anon-types -Wno-covered-switch-default -Wno-unused-local-typedef -fno-rtti    -std=c++98 -o CMakeFiles/cmTC_a6729.dir/feature_tests.cxx.o -c /home/default/Repos/root/build/interpreter/llvm/src/tools/cling/tools/plugins/clad/clad-prefix/src/clad-build/CMakeFiles/feature_tests.cxx
Linking CXX executable cmTC_a6729
/usr/bin/cmake -E cmake_link_script CMakeFiles/cmTC_a6729.dir/link.txt --verbose=1
/usr/bin/c++   -std=c++11 -Wno-implicit-fallthrough -Wno-noexcept-type -pipe  -Wshadow -Wall -W -Woverloaded-virtual -fsigned-char -pthread  -fPIC -fvisibility-inlines-hidden -Werror=date-time -std=c++11 -w -ffunction-sections -fdata-sections -fno-common -Woverloaded-virtual -fno-strict-aliasing -Wno-nested-anon-types -Wno-covered-switch-default -Wno-unused-local-typedef -fno-rtti     -rdynamic CMakeFiles/cmTC_a6729.dir/feature_tests.cxx.o  -o cmTC_a6729 
make[4]: Leaving directory '/home/default/Repos/root/build/interpreter/llvm/src/tools/cling/tools/plugins/clad/clad-prefix/src/clad-build/CMakeFiles/CMakeTmp'
make[3]: Leaving directory '/home/default/Repos/root/build/interpreter/llvm/src/tools/cling/tools/plugins/clad/clad-prefix/src/clad-build/CMakeFiles/CMakeTmp'


    Feature record: CXX_FEATURE:0cxx_aggregate_default_initializers
    Feature record: CXX_FEATURE:0cxx_alias_templates
    Feature record: CXX_FEATURE:0cxx_alignas
    Feature record: CXX_FEATURE:0cxx_alignof
    Feature record: CXX_FEATURE:0cxx_attributes
    Feature record: CXX_FEATURE:0cxx_attribute_deprecated
    Feature record: CXX_FEATURE:0cxx_auto_type
    Feature record: CXX_FEATURE:0cxx_binary_literals
    Feature record: CXX_FEATURE:0cxx_constexpr
    Feature record: CXX_FEATURE:0cxx_contextual_conversions
    Feature record: CXX_FEATURE:0cxx_decltype
    Feature record: CXX_FEATURE:0cxx_decltype_auto
    Feature record: CXX_FEATURE:0cxx_decltype_incomplete_return_types
    Feature record: CXX_FEATURE:0cxx_default_function_template_args
    Feature record: CXX_FEATURE:0cxx_defaulted_functions
    Feature record: CXX_FEATURE:0cxx_defaulted_move_initializers
    Feature record: CXX_FEATURE:0cxx_delegating_constructors
    Feature record: CXX_FEATURE:0cxx_deleted_functions
    Feature record: CXX_FEATURE:0cxx_digit_separators
    Feature record: CXX_FEATURE:0cxx_enum_forward_declarations
    Feature record: CXX_FEATURE:0cxx_explicit_conversions
    Feature record: CXX_FEATURE:0cxx_extended_friend_declarations
    Feature record: CXX_FEATURE:0cxx_extern_templates
    Feature record: CXX_FEATURE:0cxx_final
    Feature record: CXX_FEATURE:0cxx_func_identifier
    Feature record: CXX_FEATURE:0cxx_generalized_initializers
    Feature record: CXX_FEATURE:0cxx_generic_lambdas
    Feature record: CXX_FEATURE:0cxx_inheriting_constructors
    Feature record: CXX_FEATURE:0cxx_inline_namespaces
    Feature record: CXX_FEATURE:0cxx_lambdas
    Feature record: CXX_FEATURE:0cxx_lambda_init_captures
    Feature record: CXX_FEATURE:0cxx_local_type_template_args
    Feature record: CXX_FEATURE:0cxx_long_long_type
    Feature record: CXX_FEATURE:0cxx_noexcept
    Feature record: CXX_FEATURE:0cxx_nonstatic_member_init
    Feature record: CXX_FEATURE:0cxx_nullptr
    Feature record: CXX_FEATURE:0cxx_override
    Feature record: CXX_FEATURE:0cxx_range_for
    Feature record: CXX_FEATURE:0cxx_raw_string_literals
    Feature record: CXX_FEATURE:0cxx_reference_qualified_functions
    Feature record: CXX_FEATURE:0cxx_relaxed_constexpr
    Feature record: CXX_FEATURE:0cxx_return_type_deduction
    Feature record: CXX_FEATURE:0cxx_right_angle_brackets
    Feature record: CXX_FEATURE:0cxx_rvalue_references
    Feature record: CXX_FEATURE:0cxx_sizeof_member
    Feature record: CXX_FEATURE:0cxx_static_assert
    Feature record: CXX_FEATURE:0cxx_strong_enums
    Feature record: CXX_FEATURE:1cxx_template_template_parameters
    Feature record: CXX_FEATURE:0cxx_thread_local
    Feature record: CXX_FEATURE:0cxx_trailing_return_types
    Feature record: CXX_FEATURE:0cxx_unicode_literals
    Feature record: CXX_FEATURE:0cxx_uniform_initialization
    Feature record: CXX_FEATURE:0cxx_unrestricted_unions
    Feature record: CXX_FEATURE:0cxx_user_literals
    Feature record: CXX_FEATURE:0cxx_variable_templates
    Feature record: CXX_FEATURE:0cxx_variadic_macros
    Feature record: CXX_FEATURE:0cxx_variadic_templates
Performing C SOURCE FILE Test C_SUPPORTS_FPIC succeeded with the following output:
Change Dir: /home/default/Repos/root/build/interpreter/llvm/src/tools/cling/tools/plugins/clad/clad-prefix/src/clad-build/CMakeFiles/CMakeTmp

Run Build Command:"/usr/bin/make" "cmTC_82fea/fast"
make[3]: Entering directory '/home/default/Repos/root/build/interpreter/llvm/src/tools/cling/tools/plugins/clad/clad-prefix/src/clad-build/CMakeFiles/CMakeTmp'
/usr/bin/make -f CMakeFiles/cmTC_82fea.dir/build.make CMakeFiles/cmTC_82fea.dir/build
make[4]: Entering directory '/home/default/Repos/root/build/interpreter/llvm/src/tools/cling/tools/plugins/clad/clad-prefix/src/clad-build/CMakeFiles/CMakeTmp'
Building C object CMakeFiles/cmTC_82fea.dir/src.c.o
/usr/bin/cc   -Wno-implicit-fallthrough -pipe -Wall -W -pthread -fPIC -Werror=date-time -w -ffunction-sections -fdata-sections -DC_SUPPORTS_FPIC   -Werror -fPIC -o CMakeFiles/cmTC_82fea.dir/src.c.o   -c /home/default/Repos/root/build/interpreter/llvm/src/tools/cling/tools/plugins/clad/clad-prefix/src/clad-build/CMakeFiles/CMakeTmp/src.c
Linking C executable cmTC_82fea
/usr/bin/cmake -E cmake_link_script CMakeFiles/cmTC_82fea.dir/link.txt --verbose=1
/usr/bin/cc  -Wno-implicit-fallthrough -pipe -Wall -W -pthread -fPIC -Werror=date-time -w -ffunction-sections -fdata-sections -DC_SUPPORTS_FPIC    CMakeFiles/cmTC_82fea.dir/src.c.o  -o cmTC_82fea 
make[4]: Leaving directory '/home/default/Repos/root/build/interpreter/llvm/src/tools/cling/tools/plugins/clad/clad-prefix/src/clad-build/CMakeFiles/CMakeTmp'
make[3]: Leaving directory '/home/default/Repos/root/build/interpreter/llvm/src/tools/cling/tools/plugins/clad/clad-prefix/src/clad-build/CMakeFiles/CMakeTmp'

Source file was:
int main(void) { return 0; }
Performing C++ SOURCE FILE Test CXX_SUPPORTS_FPIC succeeded with the following output:
Change Dir: /home/default/Repos/root/build/interpreter/llvm/src/tools/cling/tools/plugins/clad/clad-prefix/src/clad-build/CMakeFiles/CMakeTmp

Run Build Command:"/usr/bin/make" "cmTC_7fe74/fast"
make[3]: Entering directory '/home/default/Repos/root/build/interpreter/llvm/src/tools/cling/tools/plugins/clad/clad-prefix/src/clad-build/CMakeFiles/CMakeTmp'
/usr/bin/make -f CMakeFiles/cmTC_7fe74.dir/build.make CMakeFiles/cmTC_7fe74.dir/build
make[4]: Entering directory '/home/default/Repos/root/build/interpreter/llvm/src/tools/cling/tools/plugins/clad/clad-prefix/src/clad-build/CMakeFiles/CMakeTmp'
Building CXX object CMakeFiles/cmTC_7fe74.dir/src.cxx.o
/usr/bin/c++    -std=c++11 -Wno-implicit-fallthrough -Wno-noexcept-type -pipe  -Wshadow -Wall -W -Woverloaded-virtual -fsigned-char -pthread  -fPIC -fvisibility-inlines-hidden -Werror=date-time -std=c++11 -w -ffunction-sections -fdata-sections -fno-common -Woverloaded-virtual -fno-strict-aliasing -Wno-nested-anon-types -Wno-covered-switch-default -Wno-unused-local-typedef -fno-rtti -DCXX_SUPPORTS_FPIC   -Werror -fPIC -o CMakeFiles/cmTC_7fe74.dir/src.cxx.o -c /home/default/Repos/root/build/interpreter/llvm/src/tools/cling/tools/plugins/clad/clad-prefix/src/clad-build/CMakeFiles/CMakeTmp/src.cxx
Linking CXX executable cmTC_7fe74
/usr/bin/cmake -E cmake_link_script CMakeFiles/cmTC_7fe74.dir/link.txt --verbose=1
/usr/bin/c++   -std=c++11 -Wno-implicit-fallthrough -Wno-noexcept-type -pipe  -Wshadow -Wall -W -Woverloaded-virtual -fsigned-char -pthread  -fPIC -fvisibility-inlines-hidden -Werror=date-time -std=c++11 -w -ffunction-sections -fdata-sections -fno-common -Woverloaded-virtual -fno-strict-aliasing -Wno-nested-anon-types -Wno-covered-switch-default -Wno-unused-local-typedef -fno-rtti -DCXX_SUPPORTS_FPIC    CMakeFiles/cmTC_7fe74.dir/src.cxx.o  -o cmTC_7fe74 
make[4]: Leaving directory '/home/default/Repos/root/build/interpreter/llvm/src/tools/cling/tools/plugins/clad/clad-prefix/src/clad-build/CMakeFiles/CMakeTmp'
make[3]: Leaving directory '/home/default/Repos/root/build/interpreter/llvm/src/tools/cling/tools/plugins/clad/clad-prefix/src/clad-build/CMakeFiles/CMakeTmp'

Source file was:
int main() { return 0; }
Performing C++ SOURCE FILE Test SUPPORTS_FVISIBILITY_INLINES_HIDDEN_FLAG succeeded with the following output:
Change Dir: /home/default/Repos/root/build/interpreter/llvm/src/tools/cling/tools/plugins/clad/clad-prefix/src/clad-build/CMakeFiles/CMakeTmp

Run Build Command:"/usr/bin/make" "cmTC_5ff3e/fast"
make[3]: Entering directory '/home/default/Repos/root/build/interpreter/llvm/src/tools/cling/tools/plugins/clad/clad-prefix/src/clad-build/CMakeFiles/CMakeTmp'
/usr/bin/make -f CMakeFiles/cmTC_5ff3e.dir/build.make CMakeFiles/cmTC_5ff3e.dir/build
make[4]: Entering directory '/home/default/Repos/root/build/interpreter/llvm/src/tools/cling/tools/plugins/clad/clad-prefix/src/clad-build/CMakeFiles/CMakeTmp'
Building CXX object CMakeFiles/cmTC_5ff3e.dir/src.cxx.o
/usr/bin/c++    -std=c++11 -Wno-implicit-fallthrough -Wno-noexcept-type -pipe  -Wshadow -Wall -W -Woverloaded-virtual -fsigned-char -pthread  -fPIC -fvisibility-inlines-hidden -Werror=date-time -std=c++11 -w -ffunction-sections -fdata-sections -fno-common -Woverloaded-virtual -fno-strict-aliasing -Wno-nested-anon-types -Wno-covered-switch-default -Wno-unused-local-typedef -fno-rtti -fPIC -DSUPPORTS_FVISIBILITY_INLINES_HIDDEN_FLAG   -fvisibility-inlines-hidden -o CMakeFiles/cmTC_5ff3e.dir/src.cxx.o -c /home/default/Repos/root/build/interpreter/llvm/src/tools/cling/tools/plugins/clad/clad-prefix/src/clad-build/CMakeFiles/CMakeTmp/src.cxx
Linking CXX executable cmTC_5ff3e
/usr/bin/cmake -E cmake_link_script CMakeFiles/cmTC_5ff3e.dir/link.txt --verbose=1
/usr/bin/c++   -std=c++11 -Wno-implicit-fallthrough -Wno-noexcept-type -pipe  -Wshadow -Wall -W -Woverloaded-virtual -fsigned-char -pthread  -fPIC -fvisibility-inlines-hidden -Werror=date-time -std=c++11 -w -ffunction-sections -fdata-sections -fno-common -Woverloaded-virtual -fno-strict-aliasing -Wno-nested-anon-types -Wno-covered-switch-default -Wno-unused-local-typedef -fno-rtti -fPIC -DSUPPORTS_FVISIBILITY_INLINES_HIDDEN_FLAG    CMakeFiles/cmTC_5ff3e.dir/src.cxx.o  -o cmTC_5ff3e 
make[4]: Leaving directory '/home/default/Repos/root/build/interpreter/llvm/src/tools/cling/tools/plugins/clad/clad-prefix/src/clad-build/CMakeFiles/CMakeTmp'
make[3]: Leaving directory '/home/default/Repos/root/build/interpreter/llvm/src/tools/cling/tools/plugins/clad/clad-prefix/src/clad-build/CMakeFiles/CMakeTmp'

Source file was:
int main() { return 0; }
Performing C SOURCE FILE Test C_SUPPORTS_WERROR_DATE_TIME succeeded with the following output:
Change Dir: /home/default/Repos/root/build/interpreter/llvm/src/tools/cling/tools/plugins/clad/clad-prefix/src/clad-build/CMakeFiles/CMakeTmp

Run Build Command:"/usr/bin/make" "cmTC_d7ef8/fast"
make[3]: Entering directory '/home/default/Repos/root/build/interpreter/llvm/src/tools/cling/tools/plugins/clad/clad-prefix/src/clad-build/CMakeFiles/CMakeTmp'
/usr/bin/make -f CMakeFiles/cmTC_d7ef8.dir/build.make CMakeFiles/cmTC_d7ef8.dir/build
make[4]: Entering directory '/home/default/Repos/root/build/interpreter/llvm/src/tools/cling/tools/plugins/clad/clad-prefix/src/clad-build/CMakeFiles/CMakeTmp'
Building C object CMakeFiles/cmTC_d7ef8.dir/src.c.o
/usr/bin/cc   -Wno-implicit-fallthrough -pipe -Wall -W -pthread -fPIC -Werror=date-time -w -ffunction-sections -fdata-sections -fPIC -DC_SUPPORTS_WERROR_DATE_TIME   -Werror -Werror=date-time -o CMakeFiles/cmTC_d7ef8.dir/src.c.o   -c /home/default/Repos/root/build/interpreter/llvm/src/tools/cling/tools/plugins/clad/clad-prefix/src/clad-build/CMakeFiles/CMakeTmp/src.c
Linking C executable cmTC_d7ef8
/usr/bin/cmake -E cmake_link_script CMakeFiles/cmTC_d7ef8.dir/link.txt --verbose=1
/usr/bin/cc  -Wno-implicit-fallthrough -pipe -Wall -W -pthread -fPIC -Werror=date-time -w -ffunction-sections -fdata-sections -fPIC -DC_SUPPORTS_WERROR_DATE_TIME    CMakeFiles/cmTC_d7ef8.dir/src.c.o  -o cmTC_d7ef8 
make[4]: Leaving directory '/home/default/Repos/root/build/interpreter/llvm/src/tools/cling/tools/plugins/clad/clad-prefix/src/clad-build/CMakeFiles/CMakeTmp'
make[3]: Leaving directory '/home/default/Repos/root/build/interpreter/llvm/src/tools/cling/tools/plugins/clad/clad-prefix/src/clad-build/CMakeFiles/CMakeTmp'

Source file was:
int main(void) { return 0; }
Performing C++ SOURCE FILE Test CXX_SUPPORTS_WERROR_DATE_TIME succeeded with the following output:
Change Dir: /home/default/Repos/root/build/interpreter/llvm/src/tools/cling/tools/plugins/clad/clad-prefix/src/clad-build/CMakeFiles/CMakeTmp

Run Build Command:"/usr/bin/make" "cmTC_1b587/fast"
make[3]: Entering directory '/home/default/Repos/root/build/interpreter/llvm/src/tools/cling/tools/plugins/clad/clad-prefix/src/clad-build/CMakeFiles/CMakeTmp'
/usr/bin/make -f CMakeFiles/cmTC_1b587.dir/build.make CMakeFiles/cmTC_1b587.dir/build
make[4]: Entering directory '/home/default/Repos/root/build/interpreter/llvm/src/tools/cling/tools/plugins/clad/clad-prefix/src/clad-build/CMakeFiles/CMakeTmp'
Building CXX object CMakeFiles/cmTC_1b587.dir/src.cxx.o
/usr/bin/c++    -std=c++11 -Wno-implicit-fallthrough -Wno-noexcept-type -pipe  -Wshadow -Wall -W -Woverloaded-virtual -fsigned-char -pthread  -fPIC -fvisibility-inlines-hidden -Werror=date-time -std=c++11 -w -ffunction-sections -fdata-sections -fno-common -Woverloaded-virtual -fno-strict-aliasing -Wno-nested-anon-types -Wno-covered-switch-default -Wno-unused-local-typedef -fno-rtti -fPIC -fvisibility-inlines-hidden -DCXX_SUPPORTS_WERROR_DATE_TIME   -Werror -Werror=date-time -o CMakeFiles/cmTC_1b587.dir/src.cxx.o -c /home/default/Repos/root/build/interpreter/llvm/src/tools/cling/tools/plugins/clad/clad-prefix/src/clad-build/CMakeFiles/CMakeTmp/src.cxx
Linking CXX executable cmTC_1b587
/usr/bin/cmake -E cmake_link_script CMakeFiles/cmTC_1b587.dir/link.txt --verbose=1
/usr/bin/c++   -std=c++11 -Wno-implicit-fallthrough -Wno-noexcept-type -pipe  -Wshadow -Wall -W -Woverloaded-virtual -fsigned-char -pthread  -fPIC -fvisibility-inlines-hidden -Werror=date-time -std=c++11 -w -ffunction-sections -fdata-sections -fno-common -Woverloaded-virtual -fno-strict-aliasing -Wno-nested-anon-types -Wno-covered-switch-default -Wno-unused-local-typedef -fno-rtti -fPIC -fvisibility-inlines-hidden -DCXX_SUPPORTS_WERROR_DATE_TIME    CMakeFiles/cmTC_1b587.dir/src.cxx.o  -o cmTC_1b587 
make[4]: Leaving directory '/home/default/Repos/root/build/interpreter/llvm/src/tools/cling/tools/plugins/clad/clad-prefix/src/clad-build/CMakeFiles/CMakeTmp'
make[3]: Leaving directory '/home/default/Repos/root/build/interpreter/llvm/src/tools/cling/tools/plugins/clad/clad-prefix/src/clad-build/CMakeFiles/CMakeTmp'

Source file was:
int main() { return 0; }
Performing C++ SOURCE FILE Test CXX_SUPPORTS_CXX11 succeeded with the following output:
Change Dir: /home/default/Repos/root/build/interpreter/llvm/src/tools/cling/tools/plugins/clad/clad-prefix/src/clad-build/CMakeFiles/CMakeTmp

Run Build Command:"/usr/bin/make" "cmTC_55071/fast"
make[3]: Entering directory '/home/default/Repos/root/build/interpreter/llvm/src/tools/cling/tools/plugins/clad/clad-prefix/src/clad-build/CMakeFiles/CMakeTmp'
/usr/bin/make -f CMakeFiles/cmTC_55071.dir/build.make CMakeFiles/cmTC_55071.dir/build
make[4]: Entering directory '/home/default/Repos/root/build/interpreter/llvm/src/tools/cling/tools/plugins/clad/clad-prefix/src/clad-build/CMakeFiles/CMakeTmp'
Building CXX object CMakeFiles/cmTC_55071.dir/src.cxx.o
/usr/bin/c++    -std=c++11 -Wno-implicit-fallthrough -Wno-noexcept-type -pipe  -Wshadow -Wall -W -Woverloaded-virtual -fsigned-char -pthread  -fPIC -fvisibility-inlines-hidden -Werror=date-time -std=c++11 -w -ffunction-sections -fdata-sections -fno-common -Woverloaded-virtual -fno-strict-aliasing -Wno-nested-anon-types -Wno-covered-switch-default -Wno-unused-local-typedef -fno-rtti -fPIC -fvisibility-inlines-hidden -Werror=date-time -DCXX_SUPPORTS_CXX11   -std=c++11 -o CMakeFiles/cmTC_55071.dir/src.cxx.o -c /home/default/Repos/root/build/interpreter/llvm/src/tools/cling/tools/plugins/clad/clad-prefix/src/clad-build/CMakeFiles/CMakeTmp/src.cxx
Linking CXX executable cmTC_55071
/usr/bin/cmake -E cmake_link_script CMakeFiles/cmTC_55071.dir/link.txt --verbose=1
/usr/bin/c++   -std=c++11 -Wno-implicit-fallthrough -Wno-noexcept-type -pipe  -Wshadow -Wall -W -Woverloaded-virtual -fsigned-char -pthread  -fPIC -fvisibility-inlines-hidden -Werror=date-time -std=c++11 -w -ffunction-sections -fdata-sections -fno-common -Woverloaded-virtual -fno-strict-aliasing -Wno-nested-anon-types -Wno-covered-switch-default -Wno-unused-local-typedef -fno-rtti -fPIC -fvisibility-inlines-hidden -Werror=date-time -DCXX_SUPPORTS_CXX11    CMakeFiles/cmTC_55071.dir/src.cxx.o  -o cmTC_55071 
make[4]: Leaving directory '/home/default/Repos/root/build/interpreter/llvm/src/tools/cling/tools/plugins/clad/clad-prefix/src/clad-build/CMakeFiles/CMakeTmp'
make[3]: Leaving directory '/home/default/Repos/root/build/interpreter/llvm/src/tools/cling/tools/plugins/clad/clad-prefix/src/clad-build/CMakeFiles/CMakeTmp'

Source file was:
int main() { return 0; }
Performing C SOURCE FILE Test C_SUPPORTS_FNO_FUNCTION_SECTIONS succeeded with the following output:
Change Dir: /home/default/Repos/root/build/interpreter/llvm/src/tools/cling/tools/plugins/clad/clad-prefix/src/clad-build/CMakeFiles/CMakeTmp

Run Build Command:"/usr/bin/make" "cmTC_386ee/fast"
make[3]: Entering directory '/home/default/Repos/root/build/interpreter/llvm/src/tools/cling/tools/plugins/clad/clad-prefix/src/clad-build/CMakeFiles/CMakeTmp'
/usr/bin/make -f CMakeFiles/cmTC_386ee.dir/build.make CMakeFiles/cmTC_386ee.dir/build
make[4]: Entering directory '/home/default/Repos/root/build/interpreter/llvm/src/tools/cling/tools/plugins/clad/clad-prefix/src/clad-build/CMakeFiles/CMakeTmp'
Building C object CMakeFiles/cmTC_386ee.dir/src.c.o
/usr/bin/cc   -Wno-implicit-fallthrough -pipe -Wall -W -pthread -fPIC -Werror=date-time -w -ffunction-sections -fdata-sections -fPIC -Werror=date-time -w -DC_SUPPORTS_FNO_FUNCTION_SECTIONS   -Werror -fno-function-sections -o CMakeFiles/cmTC_386ee.dir/src.c.o   -c /home/default/Repos/root/build/interpreter/llvm/src/tools/cling/tools/plugins/clad/clad-prefix/src/clad-build/CMakeFiles/CMakeTmp/src.c
Linking C executable cmTC_386ee
/usr/bin/cmake -E cmake_link_script CMakeFiles/cmTC_386ee.dir/link.txt --verbose=1
/usr/bin/cc  -Wno-implicit-fallthrough -pipe -Wall -W -pthread -fPIC -Werror=date-time -w -ffunction-sections -fdata-sections -fPIC -Werror=date-time -w -DC_SUPPORTS_FNO_FUNCTION_SECTIONS    CMakeFiles/cmTC_386ee.dir/src.c.o  -o cmTC_386ee 
make[4]: Leaving directory '/home/default/Repos/root/build/interpreter/llvm/src/tools/cling/tools/plugins/clad/clad-prefix/src/clad-build/CMakeFiles/CMakeTmp'
make[3]: Leaving directory '/home/default/Repos/root/build/interpreter/llvm/src/tools/cling/tools/plugins/clad/clad-prefix/src/clad-build/CMakeFiles/CMakeTmp'

Source file was:
int main(void) { return 0; }
Performing C SOURCE FILE Test C_SUPPORTS_FFUNCTION_SECTIONS succeeded with the following output:
Change Dir: /home/default/Repos/root/build/interpreter/llvm/src/tools/cling/tools/plugins/clad/clad-prefix/src/clad-build/CMakeFiles/CMakeTmp

Run Build Command:"/usr/bin/make" "cmTC_8a11a/fast"
make[3]: Entering directory '/home/default/Repos/root/build/interpreter/llvm/src/tools/cling/tools/plugins/clad/clad-prefix/src/clad-build/CMakeFiles/CMakeTmp'
/usr/bin/make -f CMakeFiles/cmTC_8a11a.dir/build.make CMakeFiles/cmTC_8a11a.dir/build
make[4]: Entering directory '/home/default/Repos/root/build/interpreter/llvm/src/tools/cling/tools/plugins/clad/clad-prefix/src/clad-build/CMakeFiles/CMakeTmp'
Building C object CMakeFiles/cmTC_8a11a.dir/src.c.o
/usr/bin/cc   -Wno-implicit-fallthrough -pipe -Wall -W -pthread -fPIC -Werror=date-time -w -ffunction-sections -fdata-sections -fPIC -Werror=date-time -w -DC_SUPPORTS_FFUNCTION_SECTIONS   -Werror -ffunction-sections -o CMakeFiles/cmTC_8a11a.dir/src.c.o   -c /home/default/Repos/root/build/interpreter/llvm/src/tools/cling/tools/plugins/clad/clad-prefix/src/clad-build/CMakeFiles/CMakeTmp/src.c
Linking C executable cmTC_8a11a
/usr/bin/cmake -E cmake_link_script CMakeFiles/cmTC_8a11a.dir/link.txt --verbose=1
/usr/bin/cc  -Wno-implicit-fallthrough -pipe -Wall -W -pthread -fPIC -Werror=date-time -w -ffunction-sections -fdata-sections -fPIC -Werror=date-time -w -DC_SUPPORTS_FFUNCTION_SECTIONS    CMakeFiles/cmTC_8a11a.dir/src.c.o  -o cmTC_8a11a 
make[4]: Leaving directory '/home/default/Repos/root/build/interpreter/llvm/src/tools/cling/tools/plugins/clad/clad-prefix/src/clad-build/CMakeFiles/CMakeTmp'
make[3]: Leaving directory '/home/default/Repos/root/build/interpreter/llvm/src/tools/cling/tools/plugins/clad/clad-prefix/src/clad-build/CMakeFiles/CMakeTmp'

Source file was:
int main(void) { return 0; }
Performing C++ SOURCE FILE Test CXX_SUPPORTS_FFUNCTION_SECTIONS succeeded with the following output:
Change Dir: /home/default/Repos/root/build/interpreter/llvm/src/tools/cling/tools/plugins/clad/clad-prefix/src/clad-build/CMakeFiles/CMakeTmp

Run Build Command:"/usr/bin/make" "cmTC_7ca03/fast"
make[3]: Entering directory '/home/default/Repos/root/build/interpreter/llvm/src/tools/cling/tools/plugins/clad/clad-prefix/src/clad-build/CMakeFiles/CMakeTmp'
/usr/bin/make -f CMakeFiles/cmTC_7ca03.dir/build.make CMakeFiles/cmTC_7ca03.dir/build
make[4]: Entering directory '/home/default/Repos/root/build/interpreter/llvm/src/tools/cling/tools/plugins/clad/clad-prefix/src/clad-build/CMakeFiles/CMakeTmp'
Building CXX object CMakeFiles/cmTC_7ca03.dir/src.cxx.o
/usr/bin/c++    -std=c++11 -Wno-implicit-fallthrough -Wno-noexcept-type -pipe  -Wshadow -Wall -W -Woverloaded-virtual -fsigned-char -pthread  -fPIC -fvisibility-inlines-hidden -Werror=date-time -std=c++11 -w -ffunction-sections -fdata-sections -fno-common -Woverloaded-virtual -fno-strict-aliasing -Wno-nested-anon-types -Wno-covered-switch-default -Wno-unused-local-typedef -fno-rtti -fPIC -fvisibility-inlines-hidden -Werror=date-time -std=c++11 -w -DCXX_SUPPORTS_FFUNCTION_SECTIONS   -Werror -ffunction-sections -o CMakeFiles/cmTC_7ca03.dir/src.cxx.o -c /home/default/Repos/root/build/interpreter/llvm/src/tools/cling/tools/plugins/clad/clad-prefix/src/clad-build/CMakeFiles/CMakeTmp/src.cxx
Linking CXX executable cmTC_7ca03
/usr/bin/cmake -E cmake_link_script CMakeFiles/cmTC_7ca03.dir/link.txt --verbose=1
/usr/bin/c++   -std=c++11 -Wno-implicit-fallthrough -Wno-noexcept-type -pipe  -Wshadow -Wall -W -Woverloaded-virtual -fsigned-char -pthread  -fPIC -fvisibility-inlines-hidden -Werror=date-time -std=c++11 -w -ffunction-sections -fdata-sections -fno-common -Woverloaded-virtual -fno-strict-aliasing -Wno-nested-anon-types -Wno-covered-switch-default -Wno-unused-local-typedef -fno-rtti -fPIC -fvisibility-inlines-hidden -Werror=date-time -std=c++11 -w -DCXX_SUPPORTS_FFUNCTION_SECTIONS    CMakeFiles/cmTC_7ca03.dir/src.cxx.o  -o cmTC_7ca03 
make[4]: Leaving directory '/home/default/Repos/root/build/interpreter/llvm/src/tools/cling/tools/plugins/clad/clad-prefix/src/clad-build/CMakeFiles/CMakeTmp'
make[3]: Leaving directory '/home/default/Repos/root/build/interpreter/llvm/src/tools/cling/tools/plugins/clad/clad-prefix/src/clad-build/CMakeFiles/CMakeTmp'

Source file was:
int main() { return 0; }
Performing C SOURCE FILE Test C_SUPPORTS_FDATA_SECTIONS succeeded with the following output:
Change Dir: /home/default/Repos/root/build/interpreter/llvm/src/tools/cling/tools/plugins/clad/clad-prefix/src/clad-build/CMakeFiles/CMakeTmp

Run Build Command:"/usr/bin/make" "cmTC_4bd11/fast"
make[3]: Entering directory '/home/default/Repos/root/build/interpreter/llvm/src/tools/cling/tools/plugins/clad/clad-prefix/src/clad-build/CMakeFiles/CMakeTmp'
/usr/bin/make -f CMakeFiles/cmTC_4bd11.dir/build.make CMakeFiles/cmTC_4bd11.dir/build
make[4]: Entering directory '/home/default/Repos/root/build/interpreter/llvm/src/tools/cling/tools/plugins/clad/clad-prefix/src/clad-build/CMakeFiles/CMakeTmp'
Building C object CMakeFiles/cmTC_4bd11.dir/src.c.o
/usr/bin/cc   -Wno-implicit-fallthrough -pipe -Wall -W -pthread -fPIC -Werror=date-time -w -ffunction-sections -fdata-sections -fPIC -Werror=date-time -w -ffunction-sections -DC_SUPPORTS_FDATA_SECTIONS   -Werror -fdata-sections -o CMakeFiles/cmTC_4bd11.dir/src.c.o   -c /home/default/Repos/root/build/interpreter/llvm/src/tools/cling/tools/plugins/clad/clad-prefix/src/clad-build/CMakeFiles/CMakeTmp/src.c
Linking C executable cmTC_4bd11
/usr/bin/cmake -E cmake_link_script CMakeFiles/cmTC_4bd11.dir/link.txt --verbose=1
/usr/bin/cc  -Wno-implicit-fallthrough -pipe -Wall -W -pthread -fPIC -Werror=date-time -w -ffunction-sections -fdata-sections -fPIC -Werror=date-time -w -ffunction-sections -DC_SUPPORTS_FDATA_SECTIONS    CMakeFiles/cmTC_4bd11.dir/src.c.o  -o cmTC_4bd11 
make[4]: Leaving directory '/home/default/Repos/root/build/interpreter/llvm/src/tools/cling/tools/plugins/clad/clad-prefix/src/clad-build/CMakeFiles/CMakeTmp'
make[3]: Leaving directory '/home/default/Repos/root/build/interpreter/llvm/src/tools/cling/tools/plugins/clad/clad-prefix/src/clad-build/CMakeFiles/CMakeTmp'

Source file was:
int main(void) { return 0; }
Performing C++ SOURCE FILE Test CXX_SUPPORTS_FDATA_SECTIONS succeeded with the following output:
Change Dir: /home/default/Repos/root/build/interpreter/llvm/src/tools/cling/tools/plugins/clad/clad-prefix/src/clad-build/CMakeFiles/CMakeTmp

Run Build Command:"/usr/bin/make" "cmTC_235d7/fast"
make[3]: Entering directory '/home/default/Repos/root/build/interpreter/llvm/src/tools/cling/tools/plugins/clad/clad-prefix/src/clad-build/CMakeFiles/CMakeTmp'
/usr/bin/make -f CMakeFiles/cmTC_235d7.dir/build.make CMakeFiles/cmTC_235d7.dir/build
make[4]: Entering directory '/home/default/Repos/root/build/interpreter/llvm/src/tools/cling/tools/plugins/clad/clad-prefix/src/clad-build/CMakeFiles/CMakeTmp'
Building CXX object CMakeFiles/cmTC_235d7.dir/src.cxx.o
/usr/bin/c++    -std=c++11 -Wno-implicit-fallthrough -Wno-noexcept-type -pipe  -Wshadow -Wall -W -Woverloaded-virtual -fsigned-char -pthread  -fPIC -fvisibility-inlines-hidden -Werror=date-time -std=c++11 -w -ffunction-sections -fdata-sections -fno-common -Woverloaded-virtual -fno-strict-aliasing -Wno-nested-anon-types -Wno-covered-switch-default -Wno-unused-local-typedef -fno-rtti -fPIC -fvisibility-inlines-hidden -Werror=date-time -std=c++11 -w -ffunction-sections -DCXX_SUPPORTS_FDATA_SECTIONS   -Werror -fdata-sections -o CMakeFiles/cmTC_235d7.dir/src.cxx.o -c /home/default/Repos/root/build/interpreter/llvm/src/tools/cling/tools/plugins/clad/clad-prefix/src/clad-build/CMakeFiles/CMakeTmp/src.cxx
Linking CXX executable cmTC_235d7
/usr/bin/cmake -E cmake_link_script CMakeFiles/cmTC_235d7.dir/link.txt --verbose=1
/usr/bin/c++   -std=c++11 -Wno-implicit-fallthrough -Wno-noexcept-type -pipe  -Wshadow -Wall -W -Woverloaded-virtual -fsigned-char -pthread  -fPIC -fvisibility-inlines-hidden -Werror=date-time -std=c++11 -w -ffunction-sections -fdata-sections -fno-common -Woverloaded-virtual -fno-strict-aliasing -Wno-nested-anon-types -Wno-covered-switch-default -Wno-unused-local-typedef -fno-rtti -fPIC -fvisibility-inlines-hidden -Werror=date-time -std=c++11 -w -ffunction-sections -DCXX_SUPPORTS_FDATA_SECTIONS    CMakeFiles/cmTC_235d7.dir/src.cxx.o  -o cmTC_235d7 
make[4]: Leaving directory '/home/default/Repos/root/build/interpreter/llvm/src/tools/cling/tools/plugins/clad/clad-prefix/src/clad-build/CMakeFiles/CMakeTmp'
make[3]: Leaving directory '/home/default/Repos/root/build/interpreter/llvm/src/tools/cling/tools/plugins/clad/clad-prefix/src/clad-build/CMakeFiles/CMakeTmp'

Source file was:
int main() { return 0; }
