-- The C compiler identification is GNU 7.4.0
-- The CXX compiler identification is GNU 7.4.0
-- Check for working C compiler: /usr/bin/cc
-- Check for working C compiler: /usr/bin/cc -- works
-- Detecting C compiler ABI info
-- Detecting C compiler ABI info - done
-- Detecting C compile features
-- Detecting C compile features - done
-- Check for working CXX compiler: /usr/bin/c++
-- Check for working CXX compiler: /usr/bin/c++ -- works
-- Detecting CXX compiler ABI info
-- Detecting CXX compiler ABI info - done
-- Detecting CXX compile features
-- Detecting CXX compile features - done
-- Found PythonInterp: /usr/bin/python (found version "2.7.15") 
running cd src;/usr/bin/python /home/default/Repos/root/build/VDT-prefix/src/VDT/src/signatures_generator.py   -o /home/default/Repos/root/build/VDT-prefix/src/VDT/src;cd - 2>&1
/home/default/Repos/root/build/VDT-prefix/src/VDT-build
-- Libraries are configured as: SHARED
-- Configuring done
-- Generating done
-- Build files have been written to: /home/default/Repos/root/build/VDT-prefix/src/VDT-build
