-- Downloading...
   dst='/home/default/Repos/root/build/VDT-prefix/src/vdt-0.4.3.tar.gz'
   timeout='none'
-- Using src='http://lcgpackages.web.cern.ch/lcgpackages/tarFiles/sources/vdt-0.4.3.tar.gz'
-- [download 26% complete]
-- [download 28% complete]
-- [download 33% complete]
-- [download 37% complete]
-- [download 41% complete]
-- [download 44% complete]
-- [download 48% complete]
-- [download 52% complete]
-- [download 57% complete]
-- [download 59% complete]
-- [download 61% complete]
-- [download 66% complete]
-- [download 70% complete]
-- [download 74% complete]
-- [download 79% complete]
-- [download 81% complete]
-- [download 83% complete]
-- [download 85% complete]
-- [download 88% complete]
-- [download 90% complete]
-- [download 92% complete]
-- [download 96% complete]
-- [download 100% complete]
-- verifying file...
       file='/home/default/Repos/root/build/VDT-prefix/src/vdt-0.4.3.tar.gz'
-- Downloading... done
-- extracting...
     src='/home/default/Repos/root/build/VDT-prefix/src/vdt-0.4.3.tar.gz'
     dst='/home/default/Repos/root/build/VDT-prefix/src/VDT'
-- extracting... [tar xfz]
-- extracting... [analysis]
-- extracting... [rename]
-- extracting... [clean up]
-- extracting... done
